<?xml version="1.0" encoding="utf-8"?>
<CoverageSession xmlns:xsd="http://www.w3.org/2001/XMLSchema" xmlns:xsi="http://www.w3.org/2001/XMLSchema-instance" Version="4.6.0.0">
  <Summary numSequencePoints="239" visitedSequencePoints="234" numBranchPoints="92" visitedBranchPoints="84" sequenceCoverage="97.91" branchCoverage="91.30" maxCyclomaticComplexity="9" minCyclomaticComplexity="1" maxCrapScore="9" minCrapScore="1" visitedClasses="9" numClasses="9" visitedMethods="40" numMethods="40" />
  <Modules>
    <Module hash="B8-55-A9-35-DF-F9-76-D0-F8-C0-4B-FA-76-FA-5C-A0-48-8F-E6-AA">
      <Summary numSequencePoints="24" visitedSequencePoints="24" numBranchPoints="22" visitedBranchPoints="22" sequenceCoverage="100" branchCoverage="100" maxCyclomaticComplexity="9" minCyclomaticComplexity="0" maxCrapScore="9" minCrapScore="0" visitedClasses="2" numClasses="2" visitedMethods="2" numMethods="2" />
      <ModulePath>C:\Users\Ana Tosetto\Desktop\NDD - Academia - Reforço\Reforco\Prova2\Prova2.Aplicacao.Testes\bin\Debug\Prova2.Dominio.dll</ModulePath>
      <ModuleTime>2018-05-25T14:30:51.3029491Z</ModuleTime>
      <ModuleName>Prova2.Dominio</ModuleName>
      <Files>
        <File uid="1" fullPath="C:\Users\Ana Tosetto\Desktop\NDD - Academia - Reforço\Reforco\Prova2\Prova2.Dominio\Features\Livros\Livro.cs" />
        <File uid="10" fullPath="C:\Users\Ana Tosetto\Desktop\NDD - Academia - Reforço\Reforco\Prova2\Prova2.Dominio\Features\Emprestimos\Emprestimo.cs" />
      </Files>
      <Classes>
        <Class>
          <Summary numSequencePoints="18" visitedSequencePoints="18" numBranchPoints="17" visitedBranchPoints="17" sequenceCoverage="100" branchCoverage="100" maxCyclomaticComplexity="9" minCyclomaticComplexity="1" maxCrapScore="9" minCrapScore="2" visitedClasses="1" numClasses="1" visitedMethods="1" numMethods="1" />
          <FullName>Prova2.Dominio.Features.Livros.Livro</FullName>
          <Methods>
            <Method skippedDueTo="AutoImplementedProperty" visited="false" cyclomaticComplexity="1" nPathComplexity="0" sequenceCoverage="0" branchCoverage="0" crapScore="0" isConstructor="false" isStatic="false" isGetter="true" isSetter="false">
              <MetadataToken>100663297</MetadataToken>
              <Name>System.Int32 Prova2.Dominio.Features.Livros.Livro::get_Id()</Name>
              <FileRef uid="1" />
              <SequencePoints />
              <BranchPoints />
            </Method>
            <Method skippedDueTo="AutoImplementedProperty" visited="false" cyclomaticComplexity="1" nPathComplexity="0" sequenceCoverage="0" branchCoverage="0" crapScore="0" isConstructor="false" isStatic="false" isGetter="false" isSetter="true">
              <MetadataToken>100663298</MetadataToken>
              <Name>System.Void Prova2.Dominio.Features.Livros.Livro::set_Id(System.Int32)</Name>
              <FileRef uid="1" />
              <SequencePoints />
              <BranchPoints />
            </Method>
            <Method skippedDueTo="AutoImplementedProperty" visited="false" cyclomaticComplexity="1" nPathComplexity="0" sequenceCoverage="0" branchCoverage="0" crapScore="0" isConstructor="false" isStatic="false" isGetter="true" isSetter="false">
              <MetadataToken>100663299</MetadataToken>
              <Name>System.String Prova2.Dominio.Features.Livros.Livro::get_Titulo()</Name>
              <FileRef uid="1" />
              <SequencePoints />
              <BranchPoints />
            </Method>
            <Method skippedDueTo="AutoImplementedProperty" visited="false" cyclomaticComplexity="1" nPathComplexity="0" sequenceCoverage="0" branchCoverage="0" crapScore="0" isConstructor="false" isStatic="false" isGetter="false" isSetter="true">
              <MetadataToken>100663300</MetadataToken>
              <Name>System.Void Prova2.Dominio.Features.Livros.Livro::set_Titulo(System.String)</Name>
              <FileRef uid="1" />
              <SequencePoints />
              <BranchPoints />
            </Method>
            <Method skippedDueTo="AutoImplementedProperty" visited="false" cyclomaticComplexity="1" nPathComplexity="0" sequenceCoverage="0" branchCoverage="0" crapScore="0" isConstructor="false" isStatic="false" isGetter="true" isSetter="false">
              <MetadataToken>100663301</MetadataToken>
              <Name>System.String Prova2.Dominio.Features.Livros.Livro::get_Tema()</Name>
              <FileRef uid="1" />
              <SequencePoints />
              <BranchPoints />
            </Method>
            <Method skippedDueTo="AutoImplementedProperty" visited="false" cyclomaticComplexity="1" nPathComplexity="0" sequenceCoverage="0" branchCoverage="0" crapScore="0" isConstructor="false" isStatic="false" isGetter="false" isSetter="true">
              <MetadataToken>100663302</MetadataToken>
              <Name>System.Void Prova2.Dominio.Features.Livros.Livro::set_Tema(System.String)</Name>
              <FileRef uid="1" />
              <SequencePoints />
              <BranchPoints />
            </Method>
            <Method skippedDueTo="AutoImplementedProperty" visited="false" cyclomaticComplexity="1" nPathComplexity="0" sequenceCoverage="0" branchCoverage="0" crapScore="0" isConstructor="false" isStatic="false" isGetter="true" isSetter="false">
              <MetadataToken>100663303</MetadataToken>
              <Name>System.String Prova2.Dominio.Features.Livros.Livro::get_Autor()</Name>
              <FileRef uid="1" />
              <SequencePoints />
              <BranchPoints />
            </Method>
            <Method skippedDueTo="AutoImplementedProperty" visited="false" cyclomaticComplexity="1" nPathComplexity="0" sequenceCoverage="0" branchCoverage="0" crapScore="0" isConstructor="false" isStatic="false" isGetter="false" isSetter="true">
              <MetadataToken>100663304</MetadataToken>
              <Name>System.Void Prova2.Dominio.Features.Livros.Livro::set_Autor(System.String)</Name>
              <FileRef uid="1" />
              <SequencePoints />
              <BranchPoints />
            </Method>
            <Method skippedDueTo="AutoImplementedProperty" visited="false" cyclomaticComplexity="1" nPathComplexity="0" sequenceCoverage="0" branchCoverage="0" crapScore="0" isConstructor="false" isStatic="false" isGetter="true" isSetter="false">
              <MetadataToken>100663305</MetadataToken>
              <Name>System.Int32 Prova2.Dominio.Features.Livros.Livro::get_Volume()</Name>
              <FileRef uid="1" />
              <SequencePoints />
              <BranchPoints />
            </Method>
            <Method skippedDueTo="AutoImplementedProperty" visited="false" cyclomaticComplexity="1" nPathComplexity="0" sequenceCoverage="0" branchCoverage="0" crapScore="0" isConstructor="false" isStatic="false" isGetter="false" isSetter="true">
              <MetadataToken>100663306</MetadataToken>
              <Name>System.Void Prova2.Dominio.Features.Livros.Livro::set_Volume(System.Int32)</Name>
              <FileRef uid="1" />
              <SequencePoints />
              <BranchPoints />
            </Method>
            <Method skippedDueTo="AutoImplementedProperty" visited="false" cyclomaticComplexity="1" nPathComplexity="0" sequenceCoverage="0" branchCoverage="0" crapScore="0" isConstructor="false" isStatic="false" isGetter="true" isSetter="false">
              <MetadataToken>100663307</MetadataToken>
              <Name>System.DateTime Prova2.Dominio.Features.Livros.Livro::get_DataPublicacao()</Name>
              <FileRef uid="1" />
              <SequencePoints />
              <BranchPoints />
            </Method>
            <Method skippedDueTo="AutoImplementedProperty" visited="false" cyclomaticComplexity="1" nPathComplexity="0" sequenceCoverage="0" branchCoverage="0" crapScore="0" isConstructor="false" isStatic="false" isGetter="false" isSetter="true">
              <MetadataToken>100663308</MetadataToken>
              <Name>System.Void Prova2.Dominio.Features.Livros.Livro::set_DataPublicacao(System.DateTime)</Name>
              <FileRef uid="1" />
              <SequencePoints />
              <BranchPoints />
            </Method>
            <Method skippedDueTo="AutoImplementedProperty" visited="false" cyclomaticComplexity="1" nPathComplexity="0" sequenceCoverage="0" branchCoverage="0" crapScore="0" isConstructor="false" isStatic="false" isGetter="true" isSetter="false">
              <MetadataToken>100663309</MetadataToken>
              <Name>System.Boolean Prova2.Dominio.Features.Livros.Livro::get_Disponibilidade()</Name>
              <FileRef uid="1" />
              <SequencePoints />
              <BranchPoints />
            </Method>
            <Method skippedDueTo="AutoImplementedProperty" visited="false" cyclomaticComplexity="1" nPathComplexity="0" sequenceCoverage="0" branchCoverage="0" crapScore="0" isConstructor="false" isStatic="false" isGetter="false" isSetter="true">
              <MetadataToken>100663310</MetadataToken>
              <Name>System.Void Prova2.Dominio.Features.Livros.Livro::set_Disponibilidade(System.Boolean)</Name>
              <FileRef uid="1" />
              <SequencePoints />
              <BranchPoints />
            </Method>
            <Method visited="true" cyclomaticComplexity="9" nPathComplexity="256" sequenceCoverage="100" branchCoverage="100" crapScore="9" isConstructor="false" isStatic="false" isGetter="false" isSetter="false">
              <Summary numSequencePoints="18" visitedSequencePoints="18" numBranchPoints="17" visitedBranchPoints="17" sequenceCoverage="100" branchCoverage="100" maxCyclomaticComplexity="9" minCyclomaticComplexity="9" maxCrapScore="9" minCrapScore="9" visitedClasses="0" numClasses="0" visitedMethods="1" numMethods="1" />
              <MetadataToken>100663311</MetadataToken>
              <Name>System.Void Prova2.Dominio.Features.Livros.Livro::Validar()</Name>
              <FileRef uid="1" />
              <SequencePoints>
                <SequencePoint vc="31" uspid="1" ordinal="0" offset="0" sl="17" sc="9" el="17" ec="10" bec="0" bev="0" fileid="1" />
                <SequencePoint vc="31" uspid="2" ordinal="1" offset="1" sl="18" sc="13" el="18" ec="46" bec="2" bev="2" fileid="1" />
                <SequencePoint vc="3" uspid="3" ordinal="2" offset="16" sl="19" sc="17" el="19" ec="56" bec="0" bev="0" fileid="1" />
                <SequencePoint vc="28" uspid="4" ordinal="3" offset="22" sl="20" sc="13" el="20" ec="44" bec="2" bev="2" fileid="1" />
                <SequencePoint vc="3" uspid="5" ordinal="4" offset="37" sl="21" sc="17" el="21" ec="54" bec="0" bev="0" fileid="1" />
                <SequencePoint vc="25" uspid="6" ordinal="5" offset="43" sl="22" sc="13" el="22" ec="45" bec="2" bev="2" fileid="1" />
                <SequencePoint vc="3" uspid="7" ordinal="6" offset="58" sl="23" sc="17" el="23" ec="55" bec="0" bev="0" fileid="1" />
                <SequencePoint vc="22" uspid="8" ordinal="7" offset="64" sl="24" sc="13" el="24" ec="35" bec="2" bev="2" fileid="1" />
                <SequencePoint vc="3" uspid="9" ordinal="8" offset="82" sl="25" sc="17" el="25" ec="64" bec="0" bev="0" fileid="1" />
                <SequencePoint vc="19" uspid="10" ordinal="9" offset="88" sl="26" sc="13" el="26" ec="33" bec="2" bev="2" fileid="1" />
                <SequencePoint vc="3" uspid="11" ordinal="10" offset="108" sl="27" sc="17" el="27" ec="62" bec="0" bev="0" fileid="1" />
                <SequencePoint vc="16" uspid="12" ordinal="11" offset="114" sl="28" sc="13" el="28" ec="34" bec="2" bev="2" fileid="1" />
                <SequencePoint vc="3" uspid="13" ordinal="12" offset="134" sl="29" sc="17" el="29" ec="63" bec="0" bev="0" fileid="1" />
                <SequencePoint vc="13" uspid="14" ordinal="13" offset="140" sl="30" sc="13" el="30" ec="29" bec="2" bev="2" fileid="1" />
                <SequencePoint vc="3" uspid="15" ordinal="14" offset="155" sl="31" sc="17" el="31" ec="54" bec="0" bev="0" fileid="1" />
                <SequencePoint vc="10" uspid="16" ordinal="15" offset="161" sl="32" sc="13" el="32" ec="55" bec="2" bev="2" fileid="1" />
                <SequencePoint vc="3" uspid="17" ordinal="16" offset="198" sl="33" sc="17" el="33" ec="63" bec="0" bev="0" fileid="1" />
                <SequencePoint vc="7" uspid="18" ordinal="17" offset="204" sl="34" sc="9" el="34" ec="10" bec="0" bev="0" fileid="1" />
              </SequencePoints>
              <BranchPoints>
                <BranchPoint vc="3" uspid="19" ordinal="0" offset="14" sl="18" path="0" offsetend="16" fileid="1" />
                <BranchPoint vc="28" uspid="20" ordinal="1" offset="14" sl="18" path="1" offsetend="22" fileid="1" />
                <BranchPoint vc="3" uspid="21" ordinal="2" offset="35" sl="20" path="0" offsetend="37" fileid="1" />
                <BranchPoint vc="25" uspid="22" ordinal="3" offset="35" sl="20" path="1" offsetend="43" fileid="1" />
                <BranchPoint vc="3" uspid="23" ordinal="4" offset="56" sl="22" path="0" offsetend="58" fileid="1" />
                <BranchPoint vc="22" uspid="24" ordinal="5" offset="56" sl="22" path="1" offsetend="64" fileid="1" />
                <BranchPoint vc="3" uspid="25" ordinal="6" offset="80" sl="24" path="0" offsetend="82" fileid="1" />
                <BranchPoint vc="19" uspid="26" ordinal="7" offset="80" sl="24" path="1" offsetend="88" fileid="1" />
                <BranchPoint vc="3" uspid="27" ordinal="8" offset="106" sl="26" path="0" offsetend="108" fileid="1" />
                <BranchPoint vc="16" uspid="28" ordinal="9" offset="106" sl="26" path="1" offsetend="114" fileid="1" />
                <BranchPoint vc="3" uspid="29" ordinal="10" offset="132" sl="28" path="0" offsetend="134" fileid="1" />
                <BranchPoint vc="13" uspid="30" ordinal="11" offset="132" sl="28" path="1" offsetend="140" fileid="1" />
                <BranchPoint vc="3" uspid="31" ordinal="12" offset="153" sl="30" path="0" offsetend="155" fileid="1" />
                <BranchPoint vc="10" uspid="32" ordinal="13" offset="153" sl="30" path="1" offsetend="161" fileid="1" />
                <BranchPoint vc="3" uspid="33" ordinal="14" offset="196" sl="32" path="0" offsetend="198" fileid="1" />
                <BranchPoint vc="7" uspid="34" ordinal="15" offset="196" sl="32" path="1" offsetend="204" fileid="1" />
              </BranchPoints>
              <MethodPoint xsi:type="SequencePoint" vc="31" uspid="1" ordinal="0" offset="0" sl="17" sc="9" el="17" ec="10" bec="0" bev="0" fileid="1" />
            </Method>
            <Method visited="false" cyclomaticComplexity="1" nPathComplexity="0" sequenceCoverage="0" branchCoverage="0" crapScore="2" isConstructor="true" isStatic="false" isGetter="false" isSetter="false">
              <Summary numSequencePoints="0" visitedSequencePoints="0" numBranchPoints="0" visitedBranchPoints="0" sequenceCoverage="0" branchCoverage="0" maxCyclomaticComplexity="1" minCyclomaticComplexity="1" maxCrapScore="2" minCrapScore="2" visitedClasses="0" numClasses="0" visitedMethods="0" numMethods="0" />
              <MetadataToken>100663312</MetadataToken>
              <Name>System.Void Prova2.Dominio.Features.Livros.Livro::.ctor()</Name>
              <SequencePoints />
              <BranchPoints />
              <MethodPoint vc="0" uspid="35" ordinal="0" offset="0" />
            </Method>
          </Methods>
        </Class>
        <Class>
          <Summary numSequencePoints="6" visitedSequencePoints="6" numBranchPoints="5" visitedBranchPoints="5" sequenceCoverage="100" branchCoverage="100" maxCyclomaticComplexity="3" minCyclomaticComplexity="1" maxCrapScore="3" minCrapScore="2" visitedClasses="1" numClasses="1" visitedMethods="1" numMethods="1" />
          <FullName>Prova2.Dominio.Features.Emprestimos.Emprestimo</FullName>
          <Methods>
            <Method skippedDueTo="AutoImplementedProperty" visited="false" cyclomaticComplexity="1" nPathComplexity="0" sequenceCoverage="0" branchCoverage="0" crapScore="0" isConstructor="false" isStatic="false" isGetter="true" isSetter="false">
              <MetadataToken>100663331</MetadataToken>
              <Name>System.Int32 Prova2.Dominio.Features.Emprestimos.Emprestimo::get_Id()</Name>
              <FileRef uid="10" />
              <SequencePoints />
              <BranchPoints />
            </Method>
            <Method skippedDueTo="AutoImplementedProperty" visited="false" cyclomaticComplexity="1" nPathComplexity="0" sequenceCoverage="0" branchCoverage="0" crapScore="0" isConstructor="false" isStatic="false" isGetter="false" isSetter="true">
              <MetadataToken>100663332</MetadataToken>
              <Name>System.Void Prova2.Dominio.Features.Emprestimos.Emprestimo::set_Id(System.Int32)</Name>
              <FileRef uid="10" />
              <SequencePoints />
              <BranchPoints />
            </Method>
            <Method skippedDueTo="AutoImplementedProperty" visited="false" cyclomaticComplexity="1" nPathComplexity="0" sequenceCoverage="0" branchCoverage="0" crapScore="0" isConstructor="false" isStatic="false" isGetter="true" isSetter="false">
              <MetadataToken>100663333</MetadataToken>
              <Name>System.String Prova2.Dominio.Features.Emprestimos.Emprestimo::get_NomeCliente()</Name>
              <FileRef uid="10" />
              <SequencePoints />
              <BranchPoints />
            </Method>
            <Method skippedDueTo="AutoImplementedProperty" visited="false" cyclomaticComplexity="1" nPathComplexity="0" sequenceCoverage="0" branchCoverage="0" crapScore="0" isConstructor="false" isStatic="false" isGetter="false" isSetter="true">
              <MetadataToken>100663334</MetadataToken>
              <Name>System.Void Prova2.Dominio.Features.Emprestimos.Emprestimo::set_NomeCliente(System.String)</Name>
              <FileRef uid="10" />
              <SequencePoints />
              <BranchPoints />
            </Method>
            <Method skippedDueTo="AutoImplementedProperty" visited="false" cyclomaticComplexity="1" nPathComplexity="0" sequenceCoverage="0" branchCoverage="0" crapScore="0" isConstructor="false" isStatic="false" isGetter="true" isSetter="false">
              <MetadataToken>100663335</MetadataToken>
              <Name>Prova2.Dominio.Features.Livros.Livro Prova2.Dominio.Features.Emprestimos.Emprestimo::get_Livro()</Name>
              <FileRef uid="10" />
              <SequencePoints />
              <BranchPoints />
            </Method>
            <Method skippedDueTo="AutoImplementedProperty" visited="false" cyclomaticComplexity="1" nPathComplexity="0" sequenceCoverage="0" branchCoverage="0" crapScore="0" isConstructor="false" isStatic="false" isGetter="false" isSetter="true">
              <MetadataToken>100663336</MetadataToken>
              <Name>System.Void Prova2.Dominio.Features.Emprestimos.Emprestimo::set_Livro(Prova2.Dominio.Features.Livros.Livro)</Name>
              <FileRef uid="10" />
              <SequencePoints />
              <BranchPoints />
            </Method>
            <Method skippedDueTo="AutoImplementedProperty" visited="false" cyclomaticComplexity="1" nPathComplexity="0" sequenceCoverage="0" branchCoverage="0" crapScore="0" isConstructor="false" isStatic="false" isGetter="true" isSetter="false">
              <MetadataToken>100663337</MetadataToken>
              <Name>System.DateTime Prova2.Dominio.Features.Emprestimos.Emprestimo::get_DataDevolucao()</Name>
              <FileRef uid="10" />
              <SequencePoints />
              <BranchPoints />
            </Method>
            <Method skippedDueTo="AutoImplementedProperty" visited="false" cyclomaticComplexity="1" nPathComplexity="0" sequenceCoverage="0" branchCoverage="0" crapScore="0" isConstructor="false" isStatic="false" isGetter="false" isSetter="true">
              <MetadataToken>100663338</MetadataToken>
              <Name>System.Void Prova2.Dominio.Features.Emprestimos.Emprestimo::set_DataDevolucao(System.DateTime)</Name>
              <FileRef uid="10" />
              <SequencePoints />
              <BranchPoints />
            </Method>
            <Method visited="true" cyclomaticComplexity="3" nPathComplexity="4" sequenceCoverage="100" branchCoverage="100" crapScore="3" isConstructor="false" isStatic="false" isGetter="false" isSetter="false">
              <Summary numSequencePoints="6" visitedSequencePoints="6" numBranchPoints="5" visitedBranchPoints="5" sequenceCoverage="100" branchCoverage="100" maxCyclomaticComplexity="3" minCyclomaticComplexity="3" maxCrapScore="3" minCrapScore="3" visitedClasses="0" numClasses="0" visitedMethods="1" numMethods="1" />
              <MetadataToken>100663339</MetadataToken>
              <Name>System.Void Prova2.Dominio.Features.Emprestimos.Emprestimo::Validar()</Name>
              <FileRef uid="10" />
              <SequencePoints>
                <SequencePoint vc="24" uspid="36" ordinal="0" offset="0" sl="15" sc="9" el="15" ec="10" bec="0" bev="0" fileid="10" />
                <SequencePoint vc="24" uspid="37" ordinal="1" offset="1" sl="16" sc="13" el="16" ec="51" bec="2" bev="2" fileid="10" />
                <SequencePoint vc="3" uspid="38" ordinal="2" offset="16" sl="17" sc="17" el="17" ec="54" bec="0" bev="0" fileid="10" />
                <SequencePoint vc="21" uspid="39" ordinal="3" offset="22" sl="18" sc="13" el="18" ec="48" bec="2" bev="2" fileid="10" />
                <SequencePoint vc="3" uspid="40" ordinal="4" offset="40" sl="19" sc="17" el="19" ec="56" bec="0" bev="0" fileid="10" />
                <SequencePoint vc="18" uspid="41" ordinal="5" offset="46" sl="20" sc="9" el="20" ec="10" bec="0" bev="0" fileid="10" />
              </SequencePoints>
              <BranchPoints>
                <BranchPoint vc="3" uspid="42" ordinal="0" offset="14" sl="16" path="0" offsetend="16" fileid="10" />
                <BranchPoint vc="21" uspid="43" ordinal="1" offset="14" sl="16" path="1" offsetend="22" fileid="10" />
                <BranchPoint vc="3" uspid="44" ordinal="2" offset="38" sl="18" path="0" offsetend="40" fileid="10" />
                <BranchPoint vc="18" uspid="45" ordinal="3" offset="38" sl="18" path="1" offsetend="46" fileid="10" />
              </BranchPoints>
              <MethodPoint xsi:type="SequencePoint" vc="24" uspid="36" ordinal="0" offset="0" sl="15" sc="9" el="15" ec="10" bec="0" bev="0" fileid="10" />
            </Method>
            <Method visited="false" cyclomaticComplexity="1" nPathComplexity="0" sequenceCoverage="0" branchCoverage="0" crapScore="2" isConstructor="true" isStatic="false" isGetter="false" isSetter="false">
              <Summary numSequencePoints="0" visitedSequencePoints="0" numBranchPoints="0" visitedBranchPoints="0" sequenceCoverage="0" branchCoverage="0" maxCyclomaticComplexity="1" minCyclomaticComplexity="1" maxCrapScore="2" minCrapScore="2" visitedClasses="0" numClasses="0" visitedMethods="0" numMethods="0" />
              <MetadataToken>100663340</MetadataToken>
              <Name>System.Void Prova2.Dominio.Features.Emprestimos.Emprestimo::.ctor()</Name>
              <SequencePoints />
              <BranchPoints />
              <MethodPoint vc="0" uspid="46" ordinal="0" offset="0" />
            </Method>
          </Methods>
        </Class>
      </Classes>
    </Module>
    <Module hash="DB-7F-6B-07-77-6B-E7-45-23-A0-16-BF-31-79-C9-C8-4E-BF-54-D0">
      <Summary numSequencePoints="42" visitedSequencePoints="42" numBranchPoints="12" visitedBranchPoints="12" sequenceCoverage="100" branchCoverage="100" maxCyclomaticComplexity="1" minCyclomaticComplexity="1" maxCrapScore="1" minCrapScore="1" visitedClasses="2" numClasses="2" visitedMethods="12" numMethods="12" />
      <ModulePath>C:\Users\Ana Tosetto\Desktop\NDD - Academia - Reforço\Reforco\Prova2\Prova2.Aplicacao.Testes\bin\Debug\Prova2.dll</ModulePath>
      <ModuleTime>2018-05-25T14:30:51.668988Z</ModuleTime>
      <ModuleName>Prova2</ModuleName>
      <Files>
        <File uid="29" fullPath="C:\Users\Ana Tosetto\Desktop\NDD - Academia - Reforço\Reforco\Prova2\Prova2\Features\Livros\LivroService.cs" />
        <File uid="30" fullPath="C:\Users\Ana Tosetto\Desktop\NDD - Academia - Reforço\Reforco\Prova2\Prova2\Features\Emprestimos\EmprestimoService.cs" />
      </Files>
      <Classes>
        <Class>
          <Summary numSequencePoints="21" visitedSequencePoints="21" numBranchPoints="6" visitedBranchPoints="6" sequenceCoverage="100" branchCoverage="100" maxCyclomaticComplexity="1" minCyclomaticComplexity="1" maxCrapScore="1" minCrapScore="1" visitedClasses="1" numClasses="1" visitedMethods="6" numMethods="6" />
          <FullName>Prova2.Features.Livros.LivroService</FullName>
          <Methods>
            <Method visited="true" cyclomaticComplexity="1" nPathComplexity="0" sequenceCoverage="100" branchCoverage="100" crapScore="1" isConstructor="true" isStatic="false" isGetter="false" isSetter="false">
              <Summary numSequencePoints="4" visitedSequencePoints="4" numBranchPoints="1" visitedBranchPoints="1" sequenceCoverage="100" branchCoverage="100" maxCyclomaticComplexity="1" minCyclomaticComplexity="1" maxCrapScore="1" minCrapScore="1" visitedClasses="0" numClasses="0" visitedMethods="1" numMethods="1" />
              <MetadataToken>100663297</MetadataToken>
              <Name>System.Void Prova2.Features.Livros.LivroService::.ctor(Prova2.Dominio.Features.Livros.ILivroRepositorio)</Name>
              <FileRef uid="29" />
              <SequencePoints>
                <SequencePoint vc="29" uspid="47" ordinal="0" offset="0" sl="15" sc="9" el="15" ec="64" bec="0" bev="0" fileid="29" />
                <SequencePoint vc="29" uspid="48" ordinal="1" offset="7" sl="16" sc="9" el="16" ec="10" bec="0" bev="0" fileid="29" />
                <SequencePoint vc="29" uspid="49" ordinal="2" offset="8" sl="17" sc="13" el="17" ec="50" bec="0" bev="0" fileid="29" />
                <SequencePoint vc="29" uspid="50" ordinal="3" offset="15" sl="18" sc="9" el="18" ec="10" bec="0" bev="0" fileid="29" />
              </SequencePoints>
              <BranchPoints />
              <MethodPoint xsi:type="SequencePoint" vc="29" uspid="47" ordinal="0" offset="0" sl="15" sc="9" el="15" ec="64" bec="0" bev="0" fileid="29" />
            </Method>
            <Method visited="true" cyclomaticComplexity="1" nPathComplexity="0" sequenceCoverage="100" branchCoverage="100" crapScore="1" isConstructor="false" isStatic="false" isGetter="false" isSetter="false">
              <Summary numSequencePoints="4" visitedSequencePoints="4" numBranchPoints="1" visitedBranchPoints="1" sequenceCoverage="100" branchCoverage="100" maxCyclomaticComplexity="1" minCyclomaticComplexity="1" maxCrapScore="1" minCrapScore="1" visitedClasses="0" numClasses="0" visitedMethods="1" numMethods="1" />
              <MetadataToken>100663298</MetadataToken>
              <Name>Prova2.Dominio.Features.Livros.Livro Prova2.Features.Livros.LivroService::Adiciona(Prova2.Dominio.Features.Livros.Livro)</Name>
              <FileRef uid="29" />
              <SequencePoints>
                <SequencePoint vc="19" uspid="51" ordinal="0" offset="0" sl="21" sc="9" el="21" ec="10" bec="0" bev="0" fileid="29" />
                <SequencePoint vc="19" uspid="52" ordinal="1" offset="1" sl="22" sc="13" el="22" ec="29" bec="0" bev="0" fileid="29" />
                <SequencePoint vc="3" uspid="53" ordinal="2" offset="8" sl="24" sc="13" el="24" ec="55" bec="0" bev="0" fileid="29" />
                <SequencePoint vc="3" uspid="54" ordinal="3" offset="23" sl="25" sc="9" el="25" ec="10" bec="0" bev="0" fileid="29" />
              </SequencePoints>
              <BranchPoints />
              <MethodPoint xsi:type="SequencePoint" vc="19" uspid="51" ordinal="0" offset="0" sl="21" sc="9" el="21" ec="10" bec="0" bev="0" fileid="29" />
            </Method>
            <Method visited="true" cyclomaticComplexity="1" nPathComplexity="0" sequenceCoverage="100" branchCoverage="100" crapScore="1" isConstructor="false" isStatic="false" isGetter="false" isSetter="false">
              <Summary numSequencePoints="4" visitedSequencePoints="4" numBranchPoints="1" visitedBranchPoints="1" sequenceCoverage="100" branchCoverage="100" maxCyclomaticComplexity="1" minCyclomaticComplexity="1" maxCrapScore="1" minCrapScore="1" visitedClasses="0" numClasses="0" visitedMethods="1" numMethods="1" />
              <MetadataToken>100663299</MetadataToken>
              <Name>Prova2.Dominio.Features.Livros.Livro Prova2.Features.Livros.LivroService::Atualiza(Prova2.Dominio.Features.Livros.Livro)</Name>
              <FileRef uid="29" />
              <SequencePoints>
                <SequencePoint vc="3" uspid="55" ordinal="0" offset="0" sl="28" sc="9" el="28" ec="10" bec="0" bev="0" fileid="29" />
                <SequencePoint vc="3" uspid="56" ordinal="1" offset="1" sl="29" sc="13" el="29" ec="29" bec="0" bev="0" fileid="29" />
                <SequencePoint vc="3" uspid="57" ordinal="2" offset="8" sl="31" sc="13" el="31" ec="55" bec="0" bev="0" fileid="29" />
                <SequencePoint vc="2" uspid="58" ordinal="3" offset="23" sl="32" sc="9" el="32" ec="10" bec="0" bev="0" fileid="29" />
              </SequencePoints>
              <BranchPoints />
              <MethodPoint xsi:type="SequencePoint" vc="3" uspid="55" ordinal="0" offset="0" sl="28" sc="9" el="28" ec="10" bec="0" bev="0" fileid="29" />
            </Method>
            <Method visited="true" cyclomaticComplexity="1" nPathComplexity="0" sequenceCoverage="100" branchCoverage="100" crapScore="1" isConstructor="false" isStatic="false" isGetter="false" isSetter="false">
              <Summary numSequencePoints="3" visitedSequencePoints="3" numBranchPoints="1" visitedBranchPoints="1" sequenceCoverage="100" branchCoverage="100" maxCyclomaticComplexity="1" minCyclomaticComplexity="1" maxCrapScore="1" minCrapScore="1" visitedClasses="0" numClasses="0" visitedMethods="1" numMethods="1" />
              <MetadataToken>100663300</MetadataToken>
              <Name>System.Void Prova2.Features.Livros.LivroService::Exclui(Prova2.Dominio.Features.Livros.Livro)</Name>
              <FileRef uid="29" />
              <SequencePoints>
                <SequencePoint vc="4" uspid="59" ordinal="0" offset="0" sl="35" sc="9" el="35" ec="10" bec="0" bev="0" fileid="29" />
                <SequencePoint vc="4" uspid="60" ordinal="1" offset="1" sl="36" sc="13" el="36" ec="46" bec="0" bev="0" fileid="29" />
                <SequencePoint vc="3" uspid="61" ordinal="2" offset="14" sl="37" sc="9" el="37" ec="10" bec="0" bev="0" fileid="29" />
              </SequencePoints>
              <BranchPoints />
              <MethodPoint xsi:type="SequencePoint" vc="4" uspid="59" ordinal="0" offset="0" sl="35" sc="9" el="35" ec="10" bec="0" bev="0" fileid="29" />
            </Method>
            <Method visited="true" cyclomaticComplexity="1" nPathComplexity="0" sequenceCoverage="100" branchCoverage="100" crapScore="1" isConstructor="false" isStatic="false" isGetter="false" isSetter="false">
              <Summary numSequencePoints="3" visitedSequencePoints="3" numBranchPoints="1" visitedBranchPoints="1" sequenceCoverage="100" branchCoverage="100" maxCyclomaticComplexity="1" minCyclomaticComplexity="1" maxCrapScore="1" minCrapScore="1" visitedClasses="0" numClasses="0" visitedMethods="1" numMethods="1" />
              <MetadataToken>100663301</MetadataToken>
              <Name>Prova2.Dominio.Features.Livros.Livro Prova2.Features.Livros.LivroService::Obtem(System.Int32)</Name>
              <FileRef uid="29" />
              <SequencePoints>
                <SequencePoint vc="6" uspid="62" ordinal="0" offset="0" sl="40" sc="9" el="40" ec="10" bec="0" bev="0" fileid="29" />
                <SequencePoint vc="6" uspid="63" ordinal="1" offset="1" sl="41" sc="13" el="41" ec="48" bec="0" bev="0" fileid="29" />
                <SequencePoint vc="6" uspid="64" ordinal="2" offset="16" sl="42" sc="9" el="42" ec="10" bec="0" bev="0" fileid="29" />
              </SequencePoints>
              <BranchPoints />
              <MethodPoint xsi:type="SequencePoint" vc="6" uspid="62" ordinal="0" offset="0" sl="40" sc="9" el="40" ec="10" bec="0" bev="0" fileid="29" />
            </Method>
            <Method visited="true" cyclomaticComplexity="1" nPathComplexity="0" sequenceCoverage="100" branchCoverage="100" crapScore="1" isConstructor="false" isStatic="false" isGetter="false" isSetter="false">
              <Summary numSequencePoints="3" visitedSequencePoints="3" numBranchPoints="1" visitedBranchPoints="1" sequenceCoverage="100" branchCoverage="100" maxCyclomaticComplexity="1" minCyclomaticComplexity="1" maxCrapScore="1" minCrapScore="1" visitedClasses="0" numClasses="0" visitedMethods="1" numMethods="1" />
              <MetadataToken>100663302</MetadataToken>
              <Name>System.Collections.Generic.IEnumerable`1&lt;Prova2.Dominio.Features.Livros.Livro&gt; Prova2.Features.Livros.LivroService::ObtemTudo()</Name>
              <FileRef uid="29" />
              <SequencePoints>
                <SequencePoint vc="2" uspid="65" ordinal="0" offset="0" sl="45" sc="9" el="45" ec="10" bec="0" bev="0" fileid="29" />
                <SequencePoint vc="2" uspid="66" ordinal="1" offset="1" sl="46" sc="13" el="46" ec="50" bec="0" bev="0" fileid="29" />
                <SequencePoint vc="2" uspid="67" ordinal="2" offset="15" sl="47" sc="9" el="47" ec="10" bec="0" bev="0" fileid="29" />
              </SequencePoints>
              <BranchPoints />
              <MethodPoint xsi:type="SequencePoint" vc="2" uspid="65" ordinal="0" offset="0" sl="45" sc="9" el="45" ec="10" bec="0" bev="0" fileid="29" />
            </Method>
          </Methods>
        </Class>
        <Class>
          <Summary numSequencePoints="21" visitedSequencePoints="21" numBranchPoints="6" visitedBranchPoints="6" sequenceCoverage="100" branchCoverage="100" maxCyclomaticComplexity="1" minCyclomaticComplexity="1" maxCrapScore="1" minCrapScore="1" visitedClasses="1" numClasses="1" visitedMethods="6" numMethods="6" />
          <FullName>Prova2.Features.Emprestimos.EmprestimoService</FullName>
          <Methods>
            <Method visited="true" cyclomaticComplexity="1" nPathComplexity="0" sequenceCoverage="100" branchCoverage="100" crapScore="1" isConstructor="true" isStatic="false" isGetter="false" isSetter="false">
              <Summary numSequencePoints="4" visitedSequencePoints="4" numBranchPoints="1" visitedBranchPoints="1" sequenceCoverage="100" branchCoverage="100" maxCyclomaticComplexity="1" minCyclomaticComplexity="1" maxCrapScore="1" minCrapScore="1" visitedClasses="0" numClasses="0" visitedMethods="1" numMethods="1" />
              <MetadataToken>100663303</MetadataToken>
              <Name>System.Void Prova2.Features.Emprestimos.EmprestimoService::.ctor(Prova2.Dominio.Features.Emprestimos.IEmprestimoRepositorio)</Name>
              <FileRef uid="30" />
              <SequencePoints>
                <SequencePoint vc="17" uspid="68" ordinal="0" offset="0" sl="14" sc="9" el="14" ec="79" bec="0" bev="0" fileid="30" />
                <SequencePoint vc="17" uspid="69" ordinal="1" offset="7" sl="15" sc="9" el="15" ec="10" bec="0" bev="0" fileid="30" />
                <SequencePoint vc="17" uspid="70" ordinal="2" offset="8" sl="16" sc="13" el="16" ec="60" bec="0" bev="0" fileid="30" />
                <SequencePoint vc="17" uspid="71" ordinal="3" offset="15" sl="17" sc="9" el="17" ec="10" bec="0" bev="0" fileid="30" />
              </SequencePoints>
              <BranchPoints />
              <MethodPoint xsi:type="SequencePoint" vc="17" uspid="68" ordinal="0" offset="0" sl="14" sc="9" el="14" ec="79" bec="0" bev="0" fileid="30" />
            </Method>
            <Method visited="true" cyclomaticComplexity="1" nPathComplexity="0" sequenceCoverage="100" branchCoverage="100" crapScore="1" isConstructor="false" isStatic="false" isGetter="false" isSetter="false">
              <Summary numSequencePoints="4" visitedSequencePoints="4" numBranchPoints="1" visitedBranchPoints="1" sequenceCoverage="100" branchCoverage="100" maxCyclomaticComplexity="1" minCyclomaticComplexity="1" maxCrapScore="1" minCrapScore="1" visitedClasses="0" numClasses="0" visitedMethods="1" numMethods="1" />
              <MetadataToken>100663304</MetadataToken>
              <Name>Prova2.Dominio.Features.Emprestimos.Emprestimo Prova2.Features.Emprestimos.EmprestimoService::Adiciona(Prova2.Dominio.Features.Emprestimos.Emprestimo)</Name>
              <FileRef uid="30" />
              <SequencePoints>
                <SequencePoint vc="9" uspid="72" ordinal="0" offset="0" sl="20" sc="9" el="20" ec="10" bec="0" bev="0" fileid="30" />
                <SequencePoint vc="9" uspid="73" ordinal="1" offset="1" sl="21" sc="13" el="21" ec="34" bec="0" bev="0" fileid="30" />
                <SequencePoint vc="5" uspid="74" ordinal="2" offset="8" sl="23" sc="13" el="23" ec="65" bec="0" bev="0" fileid="30" />
                <SequencePoint vc="5" uspid="75" ordinal="3" offset="23" sl="24" sc="9" el="24" ec="10" bec="0" bev="0" fileid="30" />
              </SequencePoints>
              <BranchPoints />
              <MethodPoint xsi:type="SequencePoint" vc="9" uspid="72" ordinal="0" offset="0" sl="20" sc="9" el="20" ec="10" bec="0" bev="0" fileid="30" />
            </Method>
            <Method visited="true" cyclomaticComplexity="1" nPathComplexity="0" sequenceCoverage="100" branchCoverage="100" crapScore="1" isConstructor="false" isStatic="false" isGetter="false" isSetter="false">
              <Summary numSequencePoints="4" visitedSequencePoints="4" numBranchPoints="1" visitedBranchPoints="1" sequenceCoverage="100" branchCoverage="100" maxCyclomaticComplexity="1" minCyclomaticComplexity="1" maxCrapScore="1" minCrapScore="1" visitedClasses="0" numClasses="0" visitedMethods="1" numMethods="1" />
              <MetadataToken>100663305</MetadataToken>
              <Name>Prova2.Dominio.Features.Emprestimos.Emprestimo Prova2.Features.Emprestimos.EmprestimoService::Atualiza(Prova2.Dominio.Features.Emprestimos.Emprestimo)</Name>
              <FileRef uid="30" />
              <SequencePoints>
                <SequencePoint vc="3" uspid="76" ordinal="0" offset="0" sl="27" sc="9" el="27" ec="10" bec="0" bev="0" fileid="30" />
                <SequencePoint vc="3" uspid="77" ordinal="1" offset="1" sl="28" sc="13" el="28" ec="34" bec="0" bev="0" fileid="30" />
                <SequencePoint vc="3" uspid="78" ordinal="2" offset="8" sl="30" sc="13" el="30" ec="65" bec="0" bev="0" fileid="30" />
                <SequencePoint vc="2" uspid="79" ordinal="3" offset="23" sl="31" sc="9" el="31" ec="10" bec="0" bev="0" fileid="30" />
              </SequencePoints>
              <BranchPoints />
              <MethodPoint xsi:type="SequencePoint" vc="3" uspid="76" ordinal="0" offset="0" sl="27" sc="9" el="27" ec="10" bec="0" bev="0" fileid="30" />
            </Method>
            <Method visited="true" cyclomaticComplexity="1" nPathComplexity="0" sequenceCoverage="100" branchCoverage="100" crapScore="1" isConstructor="false" isStatic="false" isGetter="false" isSetter="false">
              <Summary numSequencePoints="3" visitedSequencePoints="3" numBranchPoints="1" visitedBranchPoints="1" sequenceCoverage="100" branchCoverage="100" maxCyclomaticComplexity="1" minCyclomaticComplexity="1" maxCrapScore="1" minCrapScore="1" visitedClasses="0" numClasses="0" visitedMethods="1" numMethods="1" />
              <MetadataToken>100663306</MetadataToken>
              <Name>System.Void Prova2.Features.Emprestimos.EmprestimoService::Exclui(Prova2.Dominio.Features.Emprestimos.Emprestimo)</Name>
              <FileRef uid="30" />
              <SequencePoints>
                <SequencePoint vc="4" uspid="80" ordinal="0" offset="0" sl="34" sc="9" el="34" ec="10" bec="0" bev="0" fileid="30" />
                <SequencePoint vc="4" uspid="81" ordinal="1" offset="1" sl="35" sc="13" el="35" ec="56" bec="0" bev="0" fileid="30" />
                <SequencePoint vc="3" uspid="82" ordinal="2" offset="14" sl="36" sc="9" el="36" ec="10" bec="0" bev="0" fileid="30" />
              </SequencePoints>
              <BranchPoints />
              <MethodPoint xsi:type="SequencePoint" vc="4" uspid="80" ordinal="0" offset="0" sl="34" sc="9" el="34" ec="10" bec="0" bev="0" fileid="30" />
            </Method>
            <Method visited="true" cyclomaticComplexity="1" nPathComplexity="0" sequenceCoverage="100" branchCoverage="100" crapScore="1" isConstructor="false" isStatic="false" isGetter="false" isSetter="false">
              <Summary numSequencePoints="3" visitedSequencePoints="3" numBranchPoints="1" visitedBranchPoints="1" sequenceCoverage="100" branchCoverage="100" maxCyclomaticComplexity="1" minCyclomaticComplexity="1" maxCrapScore="1" minCrapScore="1" visitedClasses="0" numClasses="0" visitedMethods="1" numMethods="1" />
              <MetadataToken>100663307</MetadataToken>
              <Name>Prova2.Dominio.Features.Emprestimos.Emprestimo Prova2.Features.Emprestimos.EmprestimoService::Obtem(System.Int32)</Name>
              <FileRef uid="30" />
              <SequencePoints>
                <SequencePoint vc="6" uspid="83" ordinal="0" offset="0" sl="39" sc="9" el="39" ec="10" bec="0" bev="0" fileid="30" />
                <SequencePoint vc="6" uspid="84" ordinal="1" offset="1" sl="40" sc="13" el="40" ec="53" bec="0" bev="0" fileid="30" />
                <SequencePoint vc="6" uspid="85" ordinal="2" offset="16" sl="41" sc="9" el="41" ec="10" bec="0" bev="0" fileid="30" />
              </SequencePoints>
              <BranchPoints />
              <MethodPoint xsi:type="SequencePoint" vc="6" uspid="83" ordinal="0" offset="0" sl="39" sc="9" el="39" ec="10" bec="0" bev="0" fileid="30" />
            </Method>
            <Method visited="true" cyclomaticComplexity="1" nPathComplexity="0" sequenceCoverage="100" branchCoverage="100" crapScore="1" isConstructor="false" isStatic="false" isGetter="false" isSetter="false">
              <Summary numSequencePoints="3" visitedSequencePoints="3" numBranchPoints="1" visitedBranchPoints="1" sequenceCoverage="100" branchCoverage="100" maxCyclomaticComplexity="1" minCyclomaticComplexity="1" maxCrapScore="1" minCrapScore="1" visitedClasses="0" numClasses="0" visitedMethods="1" numMethods="1" />
              <MetadataToken>100663308</MetadataToken>
              <Name>System.Collections.Generic.IEnumerable`1&lt;Prova2.Dominio.Features.Emprestimos.Emprestimo&gt; Prova2.Features.Emprestimos.EmprestimoService::ObtemTudo()</Name>
              <FileRef uid="30" />
              <SequencePoints>
                <SequencePoint vc="2" uspid="86" ordinal="0" offset="0" sl="44" sc="9" el="44" ec="10" bec="0" bev="0" fileid="30" />
                <SequencePoint vc="2" uspid="87" ordinal="1" offset="1" sl="45" sc="13" el="45" ec="55" bec="0" bev="0" fileid="30" />
                <SequencePoint vc="2" uspid="88" ordinal="2" offset="15" sl="46" sc="9" el="46" ec="10" bec="0" bev="0" fileid="30" />
              </SequencePoints>
              <BranchPoints />
              <MethodPoint xsi:type="SequencePoint" vc="2" uspid="86" ordinal="0" offset="0" sl="44" sc="9" el="44" ec="10" bec="0" bev="0" fileid="30" />
            </Method>
          </Methods>
        </Class>
      </Classes>
    </Module>
    <Module hash="15-E7-67-18-6F-1C-55-BD-7C-49-88-4B-93-B1-5F-E6-97-EA-FF-64">
      <Summary numSequencePoints="82" visitedSequencePoints="82" numBranchPoints="30" visitedBranchPoints="30" sequenceCoverage="100" branchCoverage="100" maxCyclomaticComplexity="2" minCyclomaticComplexity="1" maxCrapScore="2" minCrapScore="1" visitedClasses="4" numClasses="4" visitedMethods="18" numMethods="18" />
      <ModulePath>C:\Users\Ana Tosetto\Desktop\NDD - Academia - Reforço\Reforco\Prova2\Prova2.Infra.Data.Testes\bin\Debug\Prova2.Infra.Data.dll</ModulePath>
      <ModuleTime>2018-05-25T14:30:51.9888244Z</ModuleTime>
      <ModuleName>Prova2.Infra.Data</ModuleName>
      <Files>
        <File uid="61" fullPath="C:\Users\Ana Tosetto\Desktop\NDD - Academia - Reforço\Reforco\Prova2\Prova2.Infra.Data\Features\Livros\LivroRepositorio.cs" />
        <File uid="63" fullPath="C:\Users\Ana Tosetto\Desktop\NDD - Academia - Reforço\Reforco\Prova2\Prova2.Infra.Data\Features\Emprestimos\EmprestimoRepositorio.cs" />
      </Files>
      <Classes>
        <Class>
          <Summary numSequencePoints="39" visitedSequencePoints="39" numBranchPoints="14" visitedBranchPoints="14" sequenceCoverage="100" branchCoverage="100" maxCyclomaticComplexity="2" minCyclomaticComplexity="1" maxCrapScore="2" minCrapScore="1" visitedClasses="1" numClasses="1" visitedMethods="8" numMethods="8" />
          <FullName>Prova2.Infra.Data.Features.Livros.LivroRepositorio</FullName>
          <Methods>
            <Method visited="true" cyclomaticComplexity="1" nPathComplexity="0" sequenceCoverage="100" branchCoverage="100" crapScore="1" isConstructor="false" isStatic="false" isGetter="false" isSetter="false">
              <Summary numSequencePoints="4" visitedSequencePoints="4" numBranchPoints="1" visitedBranchPoints="1" sequenceCoverage="100" branchCoverage="100" maxCyclomaticComplexity="1" minCyclomaticComplexity="1" maxCrapScore="1" minCrapScore="1" visitedClasses="0" numClasses="0" visitedMethods="1" numMethods="1" />
              <MetadataToken>100663297</MetadataToken>
              <Name>Prova2.Dominio.Features.Livros.Livro Prova2.Infra.Data.Features.Livros.LivroRepositorio::Adicionar(Prova2.Dominio.Features.Livros.Livro)</Name>
              <FileRef uid="61" />
              <SequencePoints>
                <SequencePoint vc="3" uspid="135" ordinal="0" offset="0" sl="34" sc="9" el="34" ec="10" bec="0" bev="0" fileid="61" />
                <SequencePoint vc="3" uspid="136" ordinal="1" offset="1" sl="35" sc="17" el="35" ec="64" bec="0" bev="0" fileid="61" />
                <SequencePoint vc="3" uspid="137" ordinal="2" offset="26" sl="36" sc="17" el="36" ec="30" bec="0" bev="0" fileid="61" />
                <SequencePoint vc="3" uspid="138" ordinal="3" offset="30" sl="37" sc="9" el="37" ec="10" bec="0" bev="0" fileid="61" />
              </SequencePoints>
              <BranchPoints />
              <MethodPoint xsi:type="SequencePoint" vc="3" uspid="135" ordinal="0" offset="0" sl="34" sc="9" el="34" ec="10" bec="0" bev="0" fileid="61" />
            </Method>
            <Method visited="true" cyclomaticComplexity="2" nPathComplexity="2" sequenceCoverage="100" branchCoverage="100" crapScore="2" isConstructor="false" isStatic="false" isGetter="false" isSetter="false">
              <Summary numSequencePoints="8" visitedSequencePoints="8" numBranchPoints="3" visitedBranchPoints="3" sequenceCoverage="100" branchCoverage="100" maxCyclomaticComplexity="2" minCyclomaticComplexity="2" maxCrapScore="2" minCrapScore="2" visitedClasses="0" numClasses="0" visitedMethods="1" numMethods="1" />
              <MetadataToken>100663298</MetadataToken>
              <Name>Prova2.Dominio.Features.Livros.Livro Prova2.Infra.Data.Features.Livros.LivroRepositorio::Atualizar(Prova2.Dominio.Features.Livros.Livro)</Name>
              <FileRef uid="61" />
              <SequencePoints>
                <SequencePoint vc="4" uspid="139" ordinal="0" offset="0" sl="40" sc="9" el="40" ec="10" bec="0" bev="0" fileid="61" />
                <SequencePoint vc="4" uspid="140" ordinal="1" offset="1" sl="41" sc="13" el="41" ec="29" bec="2" bev="2" fileid="61" />
                <SequencePoint vc="2" uspid="141" ordinal="2" offset="14" sl="42" sc="13" el="42" ec="14" bec="0" bev="0" fileid="61" />
                <SequencePoint vc="2" uspid="142" ordinal="3" offset="15" sl="43" sc="17" el="43" ec="52" bec="0" bev="0" fileid="61" />
                <SequencePoint vc="2" uspid="143" ordinal="4" offset="34" sl="44" sc="17" el="44" ec="30" bec="0" bev="0" fileid="61" />
                <SequencePoint vc="2" uspid="144" ordinal="5" offset="38" sl="47" sc="13" el="47" ec="14" bec="0" bev="0" fileid="61" />
                <SequencePoint vc="2" uspid="145" ordinal="6" offset="39" sl="48" sc="17" el="48" ec="62" bec="0" bev="0" fileid="61" />
                <SequencePoint vc="2" uspid="146" ordinal="7" offset="45" sl="50" sc="9" el="50" ec="10" bec="0" bev="0" fileid="61" />
              </SequencePoints>
              <BranchPoints>
                <BranchPoint vc="2" uspid="147" ordinal="0" offset="12" sl="41" path="0" offsetend="14" fileid="61" />
                <BranchPoint vc="2" uspid="148" ordinal="1" offset="12" sl="41" path="1" offsetend="38" fileid="61" />
              </BranchPoints>
              <MethodPoint xsi:type="SequencePoint" vc="4" uspid="139" ordinal="0" offset="0" sl="40" sc="9" el="40" ec="10" bec="0" bev="0" fileid="61" />
            </Method>
            <Method visited="true" cyclomaticComplexity="2" nPathComplexity="2" sequenceCoverage="100" branchCoverage="100" crapScore="2" isConstructor="false" isStatic="false" isGetter="false" isSetter="false">
              <Summary numSequencePoints="8" visitedSequencePoints="8" numBranchPoints="3" visitedBranchPoints="3" sequenceCoverage="100" branchCoverage="100" maxCyclomaticComplexity="2" minCyclomaticComplexity="2" maxCrapScore="2" minCrapScore="2" visitedClasses="0" numClasses="0" visitedMethods="1" numMethods="1" />
              <MetadataToken>100663299</MetadataToken>
              <Name>System.Void Prova2.Infra.Data.Features.Livros.LivroRepositorio::Excluir(Prova2.Dominio.Features.Livros.Livro)</Name>
              <FileRef uid="61" />
              <SequencePoints>
                <SequencePoint vc="5" uspid="149" ordinal="0" offset="0" sl="53" sc="9" el="53" ec="10" bec="0" bev="0" fileid="61" />
                <SequencePoint vc="5" uspid="150" ordinal="1" offset="1" sl="54" sc="13" el="54" ec="29" bec="2" bev="2" fileid="61" />
                <SequencePoint vc="3" uspid="151" ordinal="2" offset="14" sl="55" sc="13" el="55" ec="14" bec="0" bev="0" fileid="61" />
                <SequencePoint vc="3" uspid="152" ordinal="3" offset="15" sl="56" sc="17" el="56" ec="53" bec="0" bev="0" fileid="61" />
                <SequencePoint vc="3" uspid="153" ordinal="4" offset="34" sl="57" sc="13" el="57" ec="14" bec="0" bev="0" fileid="61" />
                <SequencePoint vc="2" uspid="154" ordinal="5" offset="37" sl="59" sc="13" el="59" ec="14" bec="0" bev="0" fileid="61" />
                <SequencePoint vc="2" uspid="155" ordinal="6" offset="38" sl="60" sc="17" el="60" ec="62" bec="0" bev="0" fileid="61" />
                <SequencePoint vc="3" uspid="156" ordinal="7" offset="44" sl="62" sc="9" el="62" ec="10" bec="0" bev="0" fileid="61" />
              </SequencePoints>
              <BranchPoints>
                <BranchPoint vc="3" uspid="157" ordinal="0" offset="12" sl="54" path="0" offsetend="14" fileid="61" />
                <BranchPoint vc="2" uspid="158" ordinal="1" offset="12" sl="54" path="1" offsetend="37" fileid="61" />
              </BranchPoints>
              <MethodPoint xsi:type="SequencePoint" vc="5" uspid="149" ordinal="0" offset="0" sl="53" sc="9" el="53" ec="10" bec="0" bev="0" fileid="61" />
            </Method>
            <Method visited="true" cyclomaticComplexity="2" nPathComplexity="2" sequenceCoverage="100" branchCoverage="100" crapScore="2" isConstructor="false" isStatic="false" isGetter="false" isSetter="false">
              <Summary numSequencePoints="7" visitedSequencePoints="7" numBranchPoints="3" visitedBranchPoints="3" sequenceCoverage="100" branchCoverage="100" maxCyclomaticComplexity="2" minCyclomaticComplexity="2" maxCrapScore="2" minCrapScore="2" visitedClasses="0" numClasses="0" visitedMethods="1" numMethods="1" />
              <MetadataToken>100663300</MetadataToken>
              <Name>Prova2.Dominio.Features.Livros.Livro Prova2.Infra.Data.Features.Livros.LivroRepositorio::Obter(System.Int32)</Name>
              <FileRef uid="61" />
              <SequencePoints>
                <SequencePoint vc="7" uspid="159" ordinal="0" offset="0" sl="65" sc="9" el="65" ec="10" bec="0" bev="0" fileid="61" />
                <SequencePoint vc="7" uspid="160" ordinal="1" offset="1" sl="66" sc="13" el="66" ec="23" bec="2" bev="2" fileid="61" />
                <SequencePoint vc="6" uspid="161" ordinal="2" offset="9" sl="67" sc="13" el="67" ec="14" bec="0" bev="0" fileid="61" />
                <SequencePoint vc="6" uspid="162" ordinal="3" offset="10" sl="68" sc="17" el="68" ec="76" bec="0" bev="0" fileid="61" />
                <SequencePoint vc="1" uspid="163" ordinal="4" offset="52" sl="71" sc="13" el="71" ec="14" bec="0" bev="0" fileid="61" />
                <SequencePoint vc="1" uspid="164" ordinal="5" offset="53" sl="72" sc="17" el="72" ec="62" bec="0" bev="0" fileid="61" />
                <SequencePoint vc="6" uspid="165" ordinal="6" offset="59" sl="74" sc="9" el="74" ec="10" bec="0" bev="0" fileid="61" />
              </SequencePoints>
              <BranchPoints>
                <BranchPoint vc="6" uspid="166" ordinal="0" offset="7" sl="66" path="0" offsetend="9" fileid="61" />
                <BranchPoint vc="1" uspid="167" ordinal="1" offset="7" sl="66" path="1" offsetend="52" fileid="61" />
              </BranchPoints>
              <MethodPoint xsi:type="SequencePoint" vc="7" uspid="159" ordinal="0" offset="0" sl="65" sc="9" el="65" ec="10" bec="0" bev="0" fileid="61" />
            </Method>
            <Method visited="true" cyclomaticComplexity="1" nPathComplexity="0" sequenceCoverage="100" branchCoverage="100" crapScore="1" isConstructor="false" isStatic="false" isGetter="false" isSetter="false">
              <Summary numSequencePoints="3" visitedSequencePoints="3" numBranchPoints="1" visitedBranchPoints="1" sequenceCoverage="100" branchCoverage="100" maxCyclomaticComplexity="1" minCyclomaticComplexity="1" maxCrapScore="1" minCrapScore="1" visitedClasses="0" numClasses="0" visitedMethods="1" numMethods="1" />
              <MetadataToken>100663301</MetadataToken>
              <Name>System.Collections.Generic.IEnumerable`1&lt;Prova2.Dominio.Features.Livros.Livro&gt; Prova2.Infra.Data.Features.Livros.LivroRepositorio::ObterTudo()</Name>
              <FileRef uid="61" />
              <SequencePoints>
                <SequencePoint vc="2" uspid="168" ordinal="0" offset="0" sl="77" sc="9" el="77" ec="10" bec="0" bev="0" fileid="61" />
                <SequencePoint vc="2" uspid="169" ordinal="1" offset="1" sl="78" sc="13" el="78" ec="58" bec="0" bev="0" fileid="61" />
                <SequencePoint vc="2" uspid="170" ordinal="2" offset="21" sl="79" sc="9" el="79" ec="10" bec="0" bev="0" fileid="61" />
              </SequencePoints>
              <BranchPoints />
              <MethodPoint xsi:type="SequencePoint" vc="2" uspid="168" ordinal="0" offset="0" sl="77" sc="9" el="77" ec="10" bec="0" bev="0" fileid="61" />
            </Method>
            <Method visited="true" cyclomaticComplexity="1" nPathComplexity="0" sequenceCoverage="100" branchCoverage="100" crapScore="1" isConstructor="false" isStatic="false" isGetter="false" isSetter="false">
              <Summary numSequencePoints="3" visitedSequencePoints="3" numBranchPoints="1" visitedBranchPoints="1" sequenceCoverage="100" branchCoverage="100" maxCyclomaticComplexity="1" minCyclomaticComplexity="1" maxCrapScore="1" minCrapScore="1" visitedClasses="0" numClasses="0" visitedMethods="1" numMethods="1" />
              <MetadataToken>100663302</MetadataToken>
              <Name>System.Object[] Prova2.Infra.Data.Features.Livros.LivroRepositorio::Take(Prova2.Dominio.Features.Livros.Livro)</Name>
              <FileRef uid="61" />
              <SequencePoints>
                <SequencePoint vc="8" uspid="171" ordinal="0" offset="0" sl="82" sc="9" el="82" ec="10" bec="0" bev="0" fileid="61" />
                <SequencePoint vc="8" uspid="172" ordinal="1" offset="1" sl="83" sc="13" el="92" ec="15" bec="0" bev="0" fileid="61" />
                <SequencePoint vc="8" uspid="173" ordinal="2" offset="155" sl="93" sc="9" el="93" ec="10" bec="0" bev="0" fileid="61" />
              </SequencePoints>
              <BranchPoints />
              <MethodPoint xsi:type="SequencePoint" vc="8" uspid="171" ordinal="0" offset="0" sl="82" sc="9" el="82" ec="10" bec="0" bev="0" fileid="61" />
            </Method>
            <Method visited="true" cyclomaticComplexity="1" nPathComplexity="0" sequenceCoverage="100" branchCoverage="100" crapScore="1" isConstructor="true" isStatic="false" isGetter="false" isSetter="false">
              <Summary numSequencePoints="5" visitedSequencePoints="5" numBranchPoints="1" visitedBranchPoints="1" sequenceCoverage="100" branchCoverage="100" maxCyclomaticComplexity="1" minCyclomaticComplexity="1" maxCrapScore="1" minCrapScore="1" visitedClasses="0" numClasses="0" visitedMethods="1" numMethods="1" />
              <MetadataToken>100663303</MetadataToken>
              <Name>System.Void Prova2.Infra.Data.Features.Livros.LivroRepositorio::.ctor()</Name>
              <FileRef uid="61" />
              <SequencePoints>
                <SequencePoint vc="9" uspid="174" ordinal="0" offset="0" sl="14" sc="9" el="17" ec="104" bec="0" bev="0" fileid="61" />
                <SequencePoint vc="9" uspid="175" ordinal="1" offset="11" sl="19" sc="9" el="23" ec="49" bec="0" bev="0" fileid="61" />
                <SequencePoint vc="9" uspid="176" ordinal="2" offset="22" sl="25" sc="9" el="26" ec="49" bec="0" bev="0" fileid="61" />
                <SequencePoint vc="9" uspid="177" ordinal="3" offset="33" sl="28" sc="9" el="29" ec="45" bec="0" bev="0" fileid="61" />
                <SequencePoint vc="9" uspid="178" ordinal="4" offset="44" sl="31" sc="9" el="31" ec="55" bec="0" bev="0" fileid="61" />
              </SequencePoints>
              <BranchPoints />
              <MethodPoint xsi:type="SequencePoint" vc="9" uspid="174" ordinal="0" offset="0" sl="14" sc="9" el="17" ec="104" bec="0" bev="0" fileid="61" />
            </Method>
            <Method visited="true" cyclomaticComplexity="1" nPathComplexity="0" sequenceCoverage="100" branchCoverage="100" crapScore="1" isConstructor="true" isStatic="true" isGetter="false" isSetter="false">
              <Summary numSequencePoints="1" visitedSequencePoints="1" numBranchPoints="1" visitedBranchPoints="1" sequenceCoverage="100" branchCoverage="100" maxCyclomaticComplexity="1" minCyclomaticComplexity="1" maxCrapScore="1" minCrapScore="1" visitedClasses="0" numClasses="0" visitedMethods="1" numMethods="1" />
              <MetadataToken>100663304</MetadataToken>
              <Name>System.Void Prova2.Infra.Data.Features.Livros.LivroRepositorio::.cctor()</Name>
              <FileRef uid="61" />
              <SequencePoints>
                <SequencePoint vc="2" uspid="179" ordinal="0" offset="0" sl="95" sc="9" el="105" ec="15" bec="0" bev="0" fileid="61" />
              </SequencePoints>
              <BranchPoints />
              <MethodPoint xsi:type="SequencePoint" vc="2" uspid="179" ordinal="0" offset="0" sl="95" sc="9" el="105" ec="15" bec="0" bev="0" fileid="61" />
            </Method>
          </Methods>
        </Class>
        <Class>
          <Summary numSequencePoints="1" visitedSequencePoints="1" numBranchPoints="1" visitedBranchPoints="1" sequenceCoverage="100" branchCoverage="100" maxCyclomaticComplexity="1" minCyclomaticComplexity="1" maxCrapScore="2" minCrapScore="1" visitedClasses="1" numClasses="1" visitedMethods="1" numMethods="1" />
          <FullName>Prova2.Infra.Data.Features.Livros.LivroRepositorio/&lt;&gt;c</FullName>
          <Methods>
            <Method visited="false" cyclomaticComplexity="1" nPathComplexity="0" sequenceCoverage="0" branchCoverage="0" crapScore="2" isConstructor="true" isStatic="true" isGetter="false" isSetter="false">
              <Summary numSequencePoints="0" visitedSequencePoints="0" numBranchPoints="0" visitedBranchPoints="0" sequenceCoverage="0" branchCoverage="0" maxCyclomaticComplexity="1" minCyclomaticComplexity="1" maxCrapScore="2" minCrapScore="2" visitedClasses="0" numClasses="0" visitedMethods="0" numMethods="0" />
              <MetadataToken>100663313</MetadataToken>
              <Name>System.Void Prova2.Infra.Data.Features.Livros.LivroRepositorio/&lt;&gt;c::.cctor()</Name>
              <SequencePoints />
              <BranchPoints />
              <MethodPoint vc="0" uspid="180" ordinal="0" offset="0" />
            </Method>
            <Method visited="false" cyclomaticComplexity="1" nPathComplexity="0" sequenceCoverage="0" branchCoverage="0" crapScore="2" isConstructor="true" isStatic="false" isGetter="false" isSetter="false">
              <Summary numSequencePoints="0" visitedSequencePoints="0" numBranchPoints="0" visitedBranchPoints="0" sequenceCoverage="0" branchCoverage="0" maxCyclomaticComplexity="1" minCyclomaticComplexity="1" maxCrapScore="2" minCrapScore="2" visitedClasses="0" numClasses="0" visitedMethods="0" numMethods="0" />
              <MetadataToken>100663314</MetadataToken>
              <Name>System.Void Prova2.Infra.Data.Features.Livros.LivroRepositorio/&lt;&gt;c::.ctor()</Name>
              <SequencePoints />
              <BranchPoints />
              <MethodPoint vc="0" uspid="181" ordinal="0" offset="0" />
            </Method>
            <Method visited="true" cyclomaticComplexity="1" nPathComplexity="0" sequenceCoverage="100" branchCoverage="100" crapScore="1" isConstructor="false" isStatic="false" isGetter="false" isSetter="false">
              <Summary numSequencePoints="1" visitedSequencePoints="1" numBranchPoints="1" visitedBranchPoints="1" sequenceCoverage="100" branchCoverage="100" maxCyclomaticComplexity="1" minCyclomaticComplexity="1" maxCrapScore="1" minCrapScore="1" visitedClasses="0" numClasses="0" visitedMethods="1" numMethods="1" />
              <MetadataToken>100663315</MetadataToken>
              <Name>Prova2.Dominio.Features.Livros.Livro Prova2.Infra.Data.Features.Livros.LivroRepositorio/&lt;&gt;c::&lt;.cctor&gt;b__13_0(System.Data.IDataReader)</Name>
              <FileRef uid="61" />
              <SequencePoints>
                <SequencePoint vc="6" uspid="182" ordinal="0" offset="0" sl="96" sc="13" el="105" ec="14" bec="0" bev="0" fileid="61" />
              </SequencePoints>
              <BranchPoints />
              <MethodPoint xsi:type="SequencePoint" vc="6" uspid="182" ordinal="0" offset="0" sl="96" sc="13" el="105" ec="14" bec="0" bev="0" fileid="61" />
            </Method>
          </Methods>
        </Class>
        <Class>
          <Summary numSequencePoints="41" visitedSequencePoints="41" numBranchPoints="14" visitedBranchPoints="14" sequenceCoverage="100" branchCoverage="100" maxCyclomaticComplexity="2" minCyclomaticComplexity="1" maxCrapScore="2" minCrapScore="1" visitedClasses="1" numClasses="1" visitedMethods="8" numMethods="8" />
          <FullName>Prova2.Infra.Data.Features.Emprestimos.EmprestimoRepositorio</FullName>
          <Methods>
            <Method visited="true" cyclomaticComplexity="1" nPathComplexity="0" sequenceCoverage="100" branchCoverage="100" crapScore="1" isConstructor="false" isStatic="false" isGetter="false" isSetter="false">
              <Summary numSequencePoints="5" visitedSequencePoints="5" numBranchPoints="1" visitedBranchPoints="1" sequenceCoverage="100" branchCoverage="100" maxCyclomaticComplexity="1" minCyclomaticComplexity="1" maxCrapScore="1" minCrapScore="1" visitedClasses="0" numClasses="0" visitedMethods="1" numMethods="1" />
              <MetadataToken>100663305</MetadataToken>
              <Name>Prova2.Dominio.Features.Emprestimos.Emprestimo Prova2.Infra.Data.Features.Emprestimos.EmprestimoRepositorio::Adicionar(Prova2.Dominio.Features.Emprestimos.Emprestimo)</Name>
              <FileRef uid="63" />
              <SequencePoints>
                <SequencePoint vc="5" uspid="183" ordinal="0" offset="0" sl="34" sc="9" el="34" ec="10" bec="0" bev="0" fileid="63" />
                <SequencePoint vc="5" uspid="184" ordinal="1" offset="1" sl="35" sc="13" el="35" ec="34" bec="0" bev="0" fileid="63" />
                <SequencePoint vc="5" uspid="185" ordinal="2" offset="8" sl="36" sc="13" el="36" ec="70" bec="0" bev="0" fileid="63" />
                <SequencePoint vc="5" uspid="186" ordinal="3" offset="33" sl="37" sc="13" el="37" ec="31" bec="0" bev="0" fileid="63" />
                <SequencePoint vc="5" uspid="187" ordinal="4" offset="37" sl="38" sc="9" el="38" ec="10" bec="0" bev="0" fileid="63" />
              </SequencePoints>
              <BranchPoints />
              <MethodPoint xsi:type="SequencePoint" vc="5" uspid="183" ordinal="0" offset="0" sl="34" sc="9" el="34" ec="10" bec="0" bev="0" fileid="63" />
            </Method>
            <Method visited="true" cyclomaticComplexity="2" nPathComplexity="2" sequenceCoverage="100" branchCoverage="100" crapScore="2" isConstructor="false" isStatic="false" isGetter="false" isSetter="false">
              <Summary numSequencePoints="9" visitedSequencePoints="9" numBranchPoints="3" visitedBranchPoints="3" sequenceCoverage="100" branchCoverage="100" maxCyclomaticComplexity="2" minCyclomaticComplexity="2" maxCrapScore="2" minCrapScore="2" visitedClasses="0" numClasses="0" visitedMethods="1" numMethods="1" />
              <MetadataToken>100663306</MetadataToken>
              <Name>Prova2.Dominio.Features.Emprestimos.Emprestimo Prova2.Infra.Data.Features.Emprestimos.EmprestimoRepositorio::Atualizar(Prova2.Dominio.Features.Emprestimos.Emprestimo)</Name>
              <FileRef uid="63" />
              <SequencePoints>
                <SequencePoint vc="4" uspid="188" ordinal="0" offset="0" sl="41" sc="9" el="41" ec="10" bec="0" bev="0" fileid="63" />
                <SequencePoint vc="4" uspid="189" ordinal="1" offset="1" sl="42" sc="13" el="42" ec="34" bec="0" bev="0" fileid="63" />
                <SequencePoint vc="4" uspid="190" ordinal="2" offset="8" sl="43" sc="13" el="43" ec="34" bec="2" bev="2" fileid="63" />
                <SequencePoint vc="2" uspid="191" ordinal="3" offset="21" sl="44" sc="13" el="44" ec="14" bec="0" bev="0" fileid="63" />
                <SequencePoint vc="2" uspid="192" ordinal="4" offset="22" sl="45" sc="17" el="45" ec="57" bec="0" bev="0" fileid="63" />
                <SequencePoint vc="2" uspid="193" ordinal="5" offset="41" sl="46" sc="17" el="46" ec="35" bec="0" bev="0" fileid="63" />
                <SequencePoint vc="2" uspid="194" ordinal="6" offset="45" sl="49" sc="13" el="49" ec="14" bec="0" bev="0" fileid="63" />
                <SequencePoint vc="2" uspid="195" ordinal="7" offset="46" sl="50" sc="17" el="50" ec="62" bec="0" bev="0" fileid="63" />
                <SequencePoint vc="2" uspid="196" ordinal="8" offset="52" sl="52" sc="9" el="52" ec="10" bec="0" bev="0" fileid="63" />
              </SequencePoints>
              <BranchPoints>
                <BranchPoint vc="2" uspid="197" ordinal="0" offset="19" sl="43" path="0" offsetend="21" fileid="63" />
                <BranchPoint vc="2" uspid="198" ordinal="1" offset="19" sl="43" path="1" offsetend="45" fileid="63" />
              </BranchPoints>
              <MethodPoint xsi:type="SequencePoint" vc="4" uspid="188" ordinal="0" offset="0" sl="41" sc="9" el="41" ec="10" bec="0" bev="0" fileid="63" />
            </Method>
            <Method visited="true" cyclomaticComplexity="2" nPathComplexity="2" sequenceCoverage="100" branchCoverage="100" crapScore="2" isConstructor="false" isStatic="false" isGetter="false" isSetter="false">
              <Summary numSequencePoints="8" visitedSequencePoints="8" numBranchPoints="3" visitedBranchPoints="3" sequenceCoverage="100" branchCoverage="100" maxCyclomaticComplexity="2" minCyclomaticComplexity="2" maxCrapScore="2" minCrapScore="2" visitedClasses="0" numClasses="0" visitedMethods="1" numMethods="1" />
              <MetadataToken>100663307</MetadataToken>
              <Name>System.Void Prova2.Infra.Data.Features.Emprestimos.EmprestimoRepositorio::Excluir(Prova2.Dominio.Features.Emprestimos.Emprestimo)</Name>
              <FileRef uid="63" />
              <SequencePoints>
                <SequencePoint vc="5" uspid="199" ordinal="0" offset="0" sl="55" sc="9" el="55" ec="10" bec="0" bev="0" fileid="63" />
                <SequencePoint vc="5" uspid="200" ordinal="1" offset="1" sl="56" sc="13" el="56" ec="34" bec="2" bev="2" fileid="63" />
                <SequencePoint vc="3" uspid="201" ordinal="2" offset="14" sl="57" sc="13" el="57" ec="14" bec="0" bev="0" fileid="63" />
                <SequencePoint vc="3" uspid="202" ordinal="3" offset="15" sl="58" sc="17" el="58" ec="58" bec="0" bev="0" fileid="63" />
                <SequencePoint vc="3" uspid="203" ordinal="4" offset="34" sl="59" sc="13" el="59" ec="14" bec="0" bev="0" fileid="63" />
                <SequencePoint vc="2" uspid="204" ordinal="5" offset="37" sl="61" sc="13" el="61" ec="14" bec="0" bev="0" fileid="63" />
                <SequencePoint vc="2" uspid="205" ordinal="6" offset="38" sl="62" sc="17" el="62" ec="62" bec="0" bev="0" fileid="63" />
                <SequencePoint vc="3" uspid="206" ordinal="7" offset="44" sl="64" sc="9" el="64" ec="10" bec="0" bev="0" fileid="63" />
              </SequencePoints>
              <BranchPoints>
                <BranchPoint vc="3" uspid="207" ordinal="0" offset="12" sl="56" path="0" offsetend="14" fileid="63" />
                <BranchPoint vc="2" uspid="208" ordinal="1" offset="12" sl="56" path="1" offsetend="37" fileid="63" />
              </BranchPoints>
              <MethodPoint xsi:type="SequencePoint" vc="5" uspid="199" ordinal="0" offset="0" sl="55" sc="9" el="55" ec="10" bec="0" bev="0" fileid="63" />
            </Method>
            <Method visited="true" cyclomaticComplexity="2" nPathComplexity="2" sequenceCoverage="100" branchCoverage="100" crapScore="2" isConstructor="false" isStatic="false" isGetter="false" isSetter="false">
              <Summary numSequencePoints="7" visitedSequencePoints="7" numBranchPoints="3" visitedBranchPoints="3" sequenceCoverage="100" branchCoverage="100" maxCyclomaticComplexity="2" minCyclomaticComplexity="2" maxCrapScore="2" minCrapScore="2" visitedClasses="0" numClasses="0" visitedMethods="1" numMethods="1" />
              <MetadataToken>100663308</MetadataToken>
              <Name>Prova2.Dominio.Features.Emprestimos.Emprestimo Prova2.Infra.Data.Features.Emprestimos.EmprestimoRepositorio::Obter(System.Int32)</Name>
              <FileRef uid="63" />
              <SequencePoints>
                <SequencePoint vc="7" uspid="209" ordinal="0" offset="0" sl="67" sc="9" el="67" ec="10" bec="0" bev="0" fileid="63" />
                <SequencePoint vc="7" uspid="210" ordinal="1" offset="1" sl="68" sc="13" el="68" ec="23" bec="2" bev="2" fileid="63" />
                <SequencePoint vc="6" uspid="211" ordinal="2" offset="9" sl="69" sc="13" el="69" ec="14" bec="0" bev="0" fileid="63" />
                <SequencePoint vc="6" uspid="212" ordinal="3" offset="10" sl="70" sc="17" el="70" ec="88" bec="0" bev="0" fileid="63" />
                <SequencePoint vc="1" uspid="213" ordinal="4" offset="52" sl="73" sc="13" el="73" ec="14" bec="0" bev="0" fileid="63" />
                <SequencePoint vc="1" uspid="214" ordinal="5" offset="53" sl="74" sc="17" el="74" ec="62" bec="0" bev="0" fileid="63" />
                <SequencePoint vc="6" uspid="215" ordinal="6" offset="59" sl="76" sc="9" el="76" ec="10" bec="0" bev="0" fileid="63" />
              </SequencePoints>
              <BranchPoints>
                <BranchPoint vc="6" uspid="216" ordinal="0" offset="7" sl="68" path="0" offsetend="9" fileid="63" />
                <BranchPoint vc="1" uspid="217" ordinal="1" offset="7" sl="68" path="1" offsetend="52" fileid="63" />
              </BranchPoints>
              <MethodPoint xsi:type="SequencePoint" vc="7" uspid="209" ordinal="0" offset="0" sl="67" sc="9" el="67" ec="10" bec="0" bev="0" fileid="63" />
            </Method>
            <Method visited="true" cyclomaticComplexity="1" nPathComplexity="0" sequenceCoverage="100" branchCoverage="100" crapScore="1" isConstructor="false" isStatic="false" isGetter="false" isSetter="false">
              <Summary numSequencePoints="3" visitedSequencePoints="3" numBranchPoints="1" visitedBranchPoints="1" sequenceCoverage="100" branchCoverage="100" maxCyclomaticComplexity="1" minCyclomaticComplexity="1" maxCrapScore="1" minCrapScore="1" visitedClasses="0" numClasses="0" visitedMethods="1" numMethods="1" />
              <MetadataToken>100663309</MetadataToken>
              <Name>System.Collections.Generic.IEnumerable`1&lt;Prova2.Dominio.Features.Emprestimos.Emprestimo&gt; Prova2.Infra.Data.Features.Emprestimos.EmprestimoRepositorio::ObterTudo()</Name>
              <FileRef uid="63" />
              <SequencePoints>
                <SequencePoint vc="2" uspid="218" ordinal="0" offset="0" sl="79" sc="9" el="79" ec="10" bec="0" bev="0" fileid="63" />
                <SequencePoint vc="2" uspid="219" ordinal="1" offset="1" sl="80" sc="13" el="80" ec="63" bec="0" bev="0" fileid="63" />
                <SequencePoint vc="2" uspid="220" ordinal="2" offset="21" sl="81" sc="9" el="81" ec="10" bec="0" bev="0" fileid="63" />
              </SequencePoints>
              <BranchPoints />
              <MethodPoint xsi:type="SequencePoint" vc="2" uspid="218" ordinal="0" offset="0" sl="79" sc="9" el="79" ec="10" bec="0" bev="0" fileid="63" />
            </Method>
            <Method visited="true" cyclomaticComplexity="1" nPathComplexity="0" sequenceCoverage="100" branchCoverage="100" crapScore="1" isConstructor="false" isStatic="false" isGetter="false" isSetter="false">
              <Summary numSequencePoints="3" visitedSequencePoints="3" numBranchPoints="1" visitedBranchPoints="1" sequenceCoverage="100" branchCoverage="100" maxCyclomaticComplexity="1" minCyclomaticComplexity="1" maxCrapScore="1" minCrapScore="1" visitedClasses="0" numClasses="0" visitedMethods="1" numMethods="1" />
              <MetadataToken>100663310</MetadataToken>
              <Name>System.Object[] Prova2.Infra.Data.Features.Emprestimos.EmprestimoRepositorio::Take(Prova2.Dominio.Features.Emprestimos.Emprestimo)</Name>
              <FileRef uid="63" />
              <SequencePoints>
                <SequencePoint vc="10" uspid="221" ordinal="0" offset="0" sl="84" sc="9" el="84" ec="10" bec="0" bev="0" fileid="63" />
                <SequencePoint vc="10" uspid="222" ordinal="1" offset="1" sl="85" sc="13" el="91" ec="15" bec="0" bev="0" fileid="63" />
                <SequencePoint vc="10" uspid="223" ordinal="2" offset="98" sl="92" sc="9" el="92" ec="10" bec="0" bev="0" fileid="63" />
              </SequencePoints>
              <BranchPoints />
              <MethodPoint xsi:type="SequencePoint" vc="10" uspid="221" ordinal="0" offset="0" sl="84" sc="9" el="84" ec="10" bec="0" bev="0" fileid="63" />
            </Method>
            <Method visited="true" cyclomaticComplexity="1" nPathComplexity="0" sequenceCoverage="100" branchCoverage="100" crapScore="1" isConstructor="true" isStatic="false" isGetter="false" isSetter="false">
              <Summary numSequencePoints="5" visitedSequencePoints="5" numBranchPoints="1" visitedBranchPoints="1" sequenceCoverage="100" branchCoverage="100" maxCyclomaticComplexity="1" minCyclomaticComplexity="1" maxCrapScore="1" minCrapScore="1" visitedClasses="0" numClasses="0" visitedMethods="1" numMethods="1" />
              <MetadataToken>100663311</MetadataToken>
              <Name>System.Void Prova2.Infra.Data.Features.Emprestimos.EmprestimoRepositorio::.ctor()</Name>
              <FileRef uid="63" />
              <SequencePoints>
                <SequencePoint vc="9" uspid="224" ordinal="0" offset="0" sl="15" sc="9" el="18" ec="76" bec="0" bev="0" fileid="63" />
                <SequencePoint vc="9" uspid="225" ordinal="1" offset="11" sl="20" sc="9" el="22" ec="46" bec="0" bev="0" fileid="63" />
                <SequencePoint vc="9" uspid="226" ordinal="2" offset="22" sl="24" sc="9" el="25" ec="49" bec="0" bev="0" fileid="63" />
                <SequencePoint vc="9" uspid="227" ordinal="3" offset="33" sl="27" sc="9" el="28" ec="49" bec="0" bev="0" fileid="63" />
                <SequencePoint vc="9" uspid="228" ordinal="4" offset="44" sl="30" sc="9" el="30" ec="60" bec="0" bev="0" fileid="63" />
              </SequencePoints>
              <BranchPoints />
              <MethodPoint xsi:type="SequencePoint" vc="9" uspid="224" ordinal="0" offset="0" sl="15" sc="9" el="18" ec="76" bec="0" bev="0" fileid="63" />
            </Method>
            <Method visited="true" cyclomaticComplexity="1" nPathComplexity="0" sequenceCoverage="100" branchCoverage="100" crapScore="1" isConstructor="true" isStatic="true" isGetter="false" isSetter="false">
              <Summary numSequencePoints="1" visitedSequencePoints="1" numBranchPoints="1" visitedBranchPoints="1" sequenceCoverage="100" branchCoverage="100" maxCyclomaticComplexity="1" minCyclomaticComplexity="1" maxCrapScore="1" minCrapScore="1" visitedClasses="0" numClasses="0" visitedMethods="1" numMethods="1" />
              <MetadataToken>100663312</MetadataToken>
              <Name>System.Void Prova2.Infra.Data.Features.Emprestimos.EmprestimoRepositorio::.cctor()</Name>
              <FileRef uid="63" />
              <SequencePoints>
                <SequencePoint vc="2" uspid="229" ordinal="0" offset="0" sl="94" sc="9" el="104" ec="11" bec="0" bev="0" fileid="63" />
              </SequencePoints>
              <BranchPoints />
              <MethodPoint xsi:type="SequencePoint" vc="2" uspid="229" ordinal="0" offset="0" sl="94" sc="9" el="104" ec="11" bec="0" bev="0" fileid="63" />
            </Method>
          </Methods>
        </Class>
        <Class>
          <Summary numSequencePoints="1" visitedSequencePoints="1" numBranchPoints="1" visitedBranchPoints="1" sequenceCoverage="100" branchCoverage="100" maxCyclomaticComplexity="1" minCyclomaticComplexity="1" maxCrapScore="2" minCrapScore="1" visitedClasses="1" numClasses="1" visitedMethods="1" numMethods="1" />
          <FullName>Prova2.Infra.Data.Features.Emprestimos.EmprestimoRepositorio/&lt;&gt;c</FullName>
          <Methods>
            <Method visited="false" cyclomaticComplexity="1" nPathComplexity="0" sequenceCoverage="0" branchCoverage="0" crapScore="2" isConstructor="true" isStatic="true" isGetter="false" isSetter="false">
              <Summary numSequencePoints="0" visitedSequencePoints="0" numBranchPoints="0" visitedBranchPoints="0" sequenceCoverage="0" branchCoverage="0" maxCyclomaticComplexity="1" minCyclomaticComplexity="1" maxCrapScore="2" minCrapScore="2" visitedClasses="0" numClasses="0" visitedMethods="0" numMethods="0" />
              <MetadataToken>100663316</MetadataToken>
              <Name>System.Void Prova2.Infra.Data.Features.Emprestimos.EmprestimoRepositorio/&lt;&gt;c::.cctor()</Name>
              <SequencePoints />
              <BranchPoints />
              <MethodPoint vc="0" uspid="230" ordinal="0" offset="0" />
            </Method>
            <Method visited="false" cyclomaticComplexity="1" nPathComplexity="0" sequenceCoverage="0" branchCoverage="0" crapScore="2" isConstructor="true" isStatic="false" isGetter="false" isSetter="false">
              <Summary numSequencePoints="0" visitedSequencePoints="0" numBranchPoints="0" visitedBranchPoints="0" sequenceCoverage="0" branchCoverage="0" maxCyclomaticComplexity="1" minCyclomaticComplexity="1" maxCrapScore="2" minCrapScore="2" visitedClasses="0" numClasses="0" visitedMethods="0" numMethods="0" />
              <MetadataToken>100663317</MetadataToken>
[...]
            </Method>
            <Method visited="true" cyclomaticComplexity="4" nPathComplexity="2" sequenceCoverage="100" branchCoverage="100" crapScore="4" isConstructor="false" isStatic="true" isGetter="false" isSetter="false">
              <Summary numSequencePoints="16" visitedSequencePoints="16" numBranchPoints="3" visitedBranchPoints="3" sequenceCoverage="100" branchCoverage="100" maxCyclomaticComplexity="4" minCyclomaticComplexity="4" maxCrapScore="4" minCrapScore="4" visitedClasses="0" numClasses="0" visitedMethods="1" numMethods="1" />
              <MetadataToken>100663298</MetadataToken>
              <Name>System.Collections.Generic.List`1&lt;T&gt; Prova2.Infra.Db::GetAll(System.String,System.Func`2&lt;System.Data.IDataReader,T&gt;,System.Object[])</Name>
              <FileRef uid="97" />
              <SequencePoints>
                <SequencePoint vc="4" uspid="297" ordinal="0" offset="0" sl="62" sc="9" el="62" ec="10" bec="0" bev="0" fileid="97" />
                <SequencePoint vc="4" uspid="298" ordinal="1" offset="1" sl="63" sc="20" el="63" ec="63" bec="0" bev="0" fileid="97" />
                <SequencePoint vc="4" uspid="299" ordinal="2" offset="12" sl="64" sc="13" el="64" ec="14" bec="0" bev="0" fileid="97" />
                <SequencePoint vc="4" uspid="300" ordinal="3" offset="13" sl="65" sc="17" el="65" ec="64" bec="0" bev="0" fileid="97" />
                <SequencePoint vc="4" uspid="301" ordinal="4" offset="25" sl="67" sc="24" el="67" ec="61" bec="0" bev="0" fileid="97" />
                <SequencePoint vc="4" uspid="302" ordinal="5" offset="36" sl="68" sc="17" el="68" ec="18" bec="0" bev="0" fileid="97" />
                <SequencePoint vc="4" uspid="303" ordinal="6" offset="37" sl="69" sc="21" el="69" ec="53" bec="0" bev="0" fileid="97" />
                <SequencePoint vc="4" uspid="304" ordinal="7" offset="45" sl="70" sc="21" el="70" ec="47" bec="0" bev="0" fileid="97" />
                <SequencePoint vc="4" uspid="305" ordinal="8" offset="53" sl="71" sc="21" el="71" ec="50" bec="0" bev="0" fileid="97" />
                <SequencePoint vc="4" uspid="306" ordinal="9" offset="61" sl="73" sc="21" el="73" ec="39" bec="0" bev="0" fileid="97" />
                <SequencePoint vc="4" uspid="307" ordinal="10" offset="68" sl="75" sc="21" el="75" ec="46" bec="0" bev="0" fileid="97" />
                <SequencePoint vc="4" uspid="308" ordinal="11" offset="74" sl="76" sc="21" el="76" ec="58" bec="0" bev="0" fileid="97" />
                <SequencePoint vc="5" uspid="309" ordinal="12" offset="83" sl="79" sc="25" el="79" ec="48" bec="0" bev="0" fileid="97" />
                <SequencePoint vc="9" uspid="310" ordinal="13" offset="97" sl="78" sc="21" el="78" ec="42" bec="2" bev="2" fileid="97" />
                <SequencePoint vc="4" uspid="311" ordinal="14" offset="109" sl="81" sc="21" el="81" ec="33" bec="0" bev="0" fileid="97" />
                <SequencePoint vc="4" uspid="312" ordinal="15" offset="136" sl="84" sc="9" el="84" ec="10" bec="0" bev="0" fileid="97" />
              </SequencePoints>
              <BranchPoints>
                <BranchPoint vc="4" uspid="313" ordinal="0" offset="107" sl="78" path="0" offsetend="109" fileid="97" />
                <BranchPoint vc="5" uspid="314" ordinal="1" offset="107" sl="78" path="1" offsetend="83" fileid="97" />
              </BranchPoints>
              <MethodPoint xsi:type="SequencePoint" vc="4" uspid="297" ordinal="0" offset="0" sl="62" sc="9" el="62" ec="10" bec="0" bev="0" fileid="97" />
            </Method>
            <Method visited="true" cyclomaticComplexity="3" nPathComplexity="0" sequenceCoverage="100" branchCoverage="100" crapScore="3" isConstructor="false" isStatic="true" isGetter="false" isSetter="false">
              <Summary numSequencePoints="12" visitedSequencePoints="12" numBranchPoints="1" visitedBranchPoints="1" sequenceCoverage="100" branchCoverage="100" maxCyclomaticComplexity="3" minCyclomaticComplexity="3" maxCrapScore="3" minCrapScore="3" visitedClasses="0" numClasses="0" visitedMethods="1" numMethods="1" />
              <MetadataToken>100663299</MetadataToken>
              <Name>System.Int32 Prova2.Infra.Db::Insert(System.String,System.Object[])</Name>
              <FileRef uid="97" />
              <SequencePoints>
                <SequencePoint vc="8" uspid="315" ordinal="0" offset="0" sl="93" sc="9" el="93" ec="10" bec="0" bev="0" fileid="97" />
                <SequencePoint vc="8" uspid="316" ordinal="1" offset="1" sl="94" sc="20" el="94" ec="63" bec="0" bev="0" fileid="97" />
                <SequencePoint vc="8" uspid="317" ordinal="2" offset="12" sl="95" sc="13" el="95" ec="14" bec="0" bev="0" fileid="97" />
                <SequencePoint vc="8" uspid="318" ordinal="3" offset="13" sl="96" sc="17" el="96" ec="64" bec="0" bev="0" fileid="97" />
                <SequencePoint vc="8" uspid="319" ordinal="4" offset="25" sl="98" sc="24" el="98" ec="61" bec="0" bev="0" fileid="97" />
                <SequencePoint vc="8" uspid="320" ordinal="5" offset="36" sl="99" sc="17" el="99" ec="18" bec="0" bev="0" fileid="97" />
                <SequencePoint vc="8" uspid="321" ordinal="6" offset="37" sl="100" sc="21" el="100" ec="53" bec="0" bev="0" fileid="97" />
                <SequencePoint vc="8" uspid="322" ordinal="7" offset="45" sl="101" sc="21" el="101" ec="50" bec="0" bev="0" fileid="97" />
                <SequencePoint vc="8" uspid="323" ordinal="8" offset="53" sl="102" sc="21" el="102" ec="70" bec="0" bev="0" fileid="97" />
                <SequencePoint vc="8" uspid="324" ordinal="9" offset="66" sl="104" sc="21" el="104" ec="39" bec="0" bev="0" fileid="97" />
                <SequencePoint vc="8" uspid="325" ordinal="10" offset="73" sl="105" sc="21" el="105" ec="69" bec="0" bev="0" fileid="97" />
                <SequencePoint vc="8" uspid="326" ordinal="11" offset="109" sl="108" sc="9" el="108" ec="10" bec="0" bev="0" fileid="97" />
              </SequencePoints>
              <BranchPoints />
              <MethodPoint xsi:type="SequencePoint" vc="8" uspid="315" ordinal="0" offset="0" sl="93" sc="9" el="93" ec="10" bec="0" bev="0" fileid="97" />
            </Method>
            <Method visited="true" cyclomaticComplexity="3" nPathComplexity="0" sequenceCoverage="100" branchCoverage="100" crapScore="3" isConstructor="false" isStatic="true" isGetter="false" isSetter="false">
              <Summary numSequencePoints="14" visitedSequencePoints="14" numBranchPoints="1" visitedBranchPoints="1" sequenceCoverage="100" branchCoverage="100" maxCyclomaticComplexity="3" minCyclomaticComplexity="3" maxCrapScore="3" minCrapScore="3" visitedClasses="0" numClasses="0" visitedMethods="1" numMethods="1" />
              <MetadataToken>100663300</MetadataToken>
              <Name>System.Void Prova2.Infra.Db::Update(System.String,System.Object[])</Name>
              <FileRef uid="97" />
              <SequencePoints>
                <SequencePoint vc="50" uspid="327" ordinal="0" offset="0" sl="116" sc="9" el="116" ec="10" bec="0" bev="0" fileid="97" />
                <SequencePoint vc="50" uspid="328" ordinal="1" offset="1" sl="117" sc="20" el="117" ec="63" bec="0" bev="0" fileid="97" />
                <SequencePoint vc="50" uspid="329" ordinal="2" offset="12" sl="118" sc="13" el="118" ec="14" bec="0" bev="0" fileid="97" />
                <SequencePoint vc="50" uspid="330" ordinal="3" offset="13" sl="119" sc="17" el="119" ec="64" bec="0" bev="0" fileid="97" />
                <SequencePoint vc="50" uspid="331" ordinal="4" offset="25" sl="121" sc="24" el="121" ec="61" bec="0" bev="0" fileid="97" />
                <SequencePoint vc="50" uspid="332" ordinal="5" offset="36" sl="122" sc="17" el="122" ec="18" bec="0" bev="0" fileid="97" />
                <SequencePoint vc="50" uspid="333" ordinal="6" offset="37" sl="123" sc="21" el="123" ec="53" bec="0" bev="0" fileid="97" />
                <SequencePoint vc="50" uspid="334" ordinal="7" offset="45" sl="124" sc="21" el="124" ec="47" bec="0" bev="0" fileid="97" />
                <SequencePoint vc="50" uspid="335" ordinal="8" offset="53" sl="125" sc="21" el="125" ec="50" bec="0" bev="0" fileid="97" />
                <SequencePoint vc="50" uspid="336" ordinal="9" offset="61" sl="127" sc="21" el="127" ec="39" bec="0" bev="0" fileid="97" />
                <SequencePoint vc="50" uspid="337" ordinal="10" offset="68" sl="128" sc="21" el="128" ec="47" bec="0" bev="0" fileid="97" />
                <SequencePoint vc="50" uspid="338" ordinal="11" offset="75" sl="129" sc="17" el="129" ec="18" bec="0" bev="0" fileid="97" />
                <SequencePoint vc="50" uspid="339" ordinal="12" offset="89" sl="130" sc="13" el="130" ec="14" bec="0" bev="0" fileid="97" />
                <SequencePoint vc="50" uspid="340" ordinal="13" offset="103" sl="131" sc="9" el="131" ec="10" bec="0" bev="0" fileid="97" />
              </SequencePoints>
              <BranchPoints />
              <MethodPoint xsi:type="SequencePoint" vc="50" uspid="327" ordinal="0" offset="0" sl="116" sc="9" el="116" ec="10" bec="0" bev="0" fileid="97" />
            </Method>
            <Method visited="true" cyclomaticComplexity="1" nPathComplexity="0" sequenceCoverage="100" branchCoverage="100" crapScore="1" isConstructor="false" isStatic="true" isGetter="false" isSetter="false">
              <Summary numSequencePoints="3" visitedSequencePoints="3" numBranchPoints="1" visitedBranchPoints="1" sequenceCoverage="100" branchCoverage="100" maxCyclomaticComplexity="1" minCyclomaticComplexity="1" maxCrapScore="1" minCrapScore="1" visitedClasses="0" numClasses="0" visitedMethods="1" numMethods="1" />
              <MetadataToken>100663301</MetadataToken>
              <Name>System.Void Prova2.Infra.Db::Delete(System.String,System.Object[])</Name>
              <FileRef uid="97" />
              <SequencePoints>
                <SequencePoint vc="6" uspid="341" ordinal="0" offset="0" sl="139" sc="9" el="139" ec="10" bec="0" bev="0" fileid="97" />
                <SequencePoint vc="6" uspid="342" ordinal="1" offset="1" sl="140" sc="13" el="140" ec="32" bec="0" bev="0" fileid="97" />
                <SequencePoint vc="6" uspid="343" ordinal="2" offset="9" sl="141" sc="9" el="141" ec="10" bec="0" bev="0" fileid="97" />
              </SequencePoints>
              <BranchPoints />
              <MethodPoint xsi:type="SequencePoint" vc="6" uspid="341" ordinal="0" offset="0" sl="139" sc="9" el="139" ec="10" bec="0" bev="0" fileid="97" />
            </Method>
            <Method visited="true" cyclomaticComplexity="5" nPathComplexity="16" sequenceCoverage="50" branchCoverage="33.33" crapScore="8.12" isConstructor="false" isStatic="true" isGetter="false" isSetter="false">
              <Summary numSequencePoints="8" visitedSequencePoints="4" numBranchPoints="9" visitedBranchPoints="3" sequenceCoverage="50" branchCoverage="33.33" maxCyclomaticComplexity="5" minCyclomaticComplexity="5" maxCrapScore="8.12" minCrapScore="8.12" visitedClasses="0" numClasses="0" visitedMethods="1" numMethods="1" />
              <MetadataToken>100663302</MetadataToken>
              <Name>System.String Prova2.Infra.Db::AppendIdentitySelect(System.String)</Name>
              <FileRef uid="97" />
              <SequencePoints>
                <SequencePoint vc="8" uspid="344" ordinal="0" offset="0" sl="151" sc="9" el="151" ec="10" bec="0" bev="0" fileid="97" />
                <SequencePoint vc="8" uspid="345" ordinal="1" offset="1" sl="152" sc="13" el="152" ec="34" bec="8" bev="2" fileid="97" />
                <SequencePoint vc="0" uspid="346" ordinal="2" offset="61" sl="155" sc="43" el="155" ec="54" bec="0" bev="0" fileid="97" />
                <SequencePoint vc="8" uspid="347" ordinal="3" offset="65" sl="156" sc="47" el="156" ec="87" bec="0" bev="0" fileid="97" />
                <SequencePoint vc="0" uspid="348" ordinal="4" offset="79" sl="157" sc="50" el="157" ec="102" bec="0" bev="0" fileid="97" />
                <SequencePoint vc="0" uspid="349" ordinal="5" offset="93" sl="158" sc="53" el="158" ec="86" bec="0" bev="0" fileid="97" />
                <SequencePoint vc="0" uspid="350" ordinal="6" offset="107" sl="159" sc="26" el="159" ec="60" bec="0" bev="0" fileid="97" />
                <SequencePoint vc="8" uspid="351" ordinal="7" offset="121" sl="161" sc="9" el="161" ec="10" bec="0" bev="0" fileid="97" />
              </SequencePoints>
              <BranchPoints>
                <BranchPoint vc="8" uspid="352" ordinal="0" offset="18" sl="152" path="0" offsetend="20" fileid="97" />
                <BranchPoint vc="0" uspid="353" ordinal="1" offset="18" sl="152" path="1" offsetend="61" fileid="97" />
                <BranchPoint vc="0" uspid="354" ordinal="2" offset="31" sl="152" path="0" offsetend="33" fileid="97" />
                <BranchPoint vc="8" uspid="355" ordinal="3" offset="31" sl="152" path="1" offsetend="65" fileid="97" />
                <BranchPoint vc="0" uspid="356" ordinal="4" offset="44" sl="152" path="0" offsetend="46" fileid="97" />
                <BranchPoint vc="0" uspid="357" ordinal="5" offset="44" sl="152" path="1" offsetend="79" fileid="97" />
                <BranchPoint vc="0" uspid="358" ordinal="6" offset="57" sl="152" path="0" offsetchain="59" offsetend="107" fileid="97" />
                <BranchPoint vc="0" uspid="359" ordinal="7" offset="57" sl="152" path="1" offsetend="93" fileid="97" />
              </BranchPoints>
              <MethodPoint xsi:type="SequencePoint" vc="8" uspid="344" ordinal="0" offset="0" sl="151" sc="9" el="151" ec="10" bec="0" bev="0" fileid="97" />
            </Method>
            <Method visited="true" cyclomaticComplexity="7" nPathComplexity="16" sequenceCoverage="94.44" branchCoverage="77.78" crapScore="7.01" isConstructor="false" isStatic="true" isGetter="false" isSetter="false">
              <Summary numSequencePoints="18" visitedSequencePoints="17" numBranchPoints="9" visitedBranchPoints="7" sequenceCoverage="94.44" branchCoverage="77.78" maxCyclomaticComplexity="7" minCyclomaticComplexity="7" maxCrapScore="7.01" minCrapScore="7.01" visitedClasses="0" numClasses="0" visitedMethods="1" numMethods="1" />
              <MetadataToken>100663303</MetadataToken>
              <Name>System.Void Prova2.Infra.Db::SetParameters(System.Data.Common.DbCommand,System.Object[])</Name>
              <FileRef uid="97" />
              <SequencePoints>
                <SequencePoint vc="74" uspid="360" ordinal="0" offset="0" sl="169" sc="9" el="169" ec="10" bec="0" bev="0" fileid="97" />
                <SequencePoint vc="74" uspid="361" ordinal="1" offset="1" sl="170" sc="13" el="170" ec="51" bec="2" bev="2" fileid="97" />
                <SequencePoint vc="30" uspid="362" ordinal="2" offset="19" sl="171" sc="13" el="171" ec="14" bec="0" bev="0" fileid="97" />
                <SequencePoint vc="30" uspid="363" ordinal="3" offset="20" sl="172" sc="22" el="172" ec="31" bec="0" bev="0" fileid="97" />
                <SequencePoint vc="108" uspid="364" ordinal="4" offset="24" sl="173" sc="17" el="173" ec="18" bec="0" bev="0" fileid="97" />
                <SequencePoint vc="108" uspid="365" ordinal="5" offset="25" sl="174" sc="21" el="174" ec="55" bec="0" bev="0" fileid="97" />
                <SequencePoint vc="108" uspid="366" ordinal="6" offset="34" sl="176" sc="21" el="176" ec="78" bec="2" bev="1" fileid="97" />
                <SequencePoint vc="0" uspid="367" ordinal="7" offset="75" sl="177" sc="25" el="177" ec="45" bec="0" bev="0" fileid="97" />
                <SequencePoint vc="108" uspid="368" ordinal="8" offset="81" sl="179" sc="21" el="179" ec="65" bec="2" bev="1" fileid="97" />
                <SequencePoint vc="108" uspid="369" ordinal="9" offset="96" sl="181" sc="21" el="181" ec="65" bec="0" bev="0" fileid="97" />
                <SequencePoint vc="108" uspid="370" ordinal="10" offset="104" sl="182" sc="21" el="182" ec="54" bec="0" bev="0" fileid="97" />
                <SequencePoint vc="108" uspid="371" ordinal="11" offset="113" sl="183" sc="21" el="183" ec="47" bec="0" bev="0" fileid="97" />
                <SequencePoint vc="108" uspid="372" ordinal="12" offset="122" sl="185" sc="21" el="185" ec="57" bec="0" bev="0" fileid="97" />
                <SequencePoint vc="108" uspid="373" ordinal="13" offset="136" sl="186" sc="17" el="186" ec="18" bec="0" bev="0" fileid="97" />
                <SequencePoint vc="108" uspid="374" ordinal="14" offset="137" sl="172" sc="51" el="172" ec="57" bec="0" bev="0" fileid="97" />
                <SequencePoint vc="138" uspid="375" ordinal="15" offset="141" sl="172" sc="33" el="172" ec="49" bec="2" bev="2" fileid="97" />
                <SequencePoint vc="30" uspid="376" ordinal="16" offset="156" sl="187" sc="13" el="187" ec="14" bec="0" bev="0" fileid="97" />
                <SequencePoint vc="74" uspid="377" ordinal="17" offset="157" sl="188" sc="9" el="188" ec="10" bec="0" bev="0" fileid="97" />
              </SequencePoints>
              <BranchPoints>
                <BranchPoint vc="30" uspid="380" ordinal="2" offset="14" sl="170" path="0" offsetend="19" fileid="97" />
                <BranchPoint vc="44" uspid="381" ordinal="3" offset="14" sl="170" path="1" offsetend="157" fileid="97" />
                <BranchPoint vc="0" uspid="384" ordinal="6" offset="73" sl="176" path="0" offsetend="75" fileid="97" />
                <BranchPoint vc="108" uspid="385" ordinal="7" offset="73" sl="176" path="1" offsetend="81" fileid="97" />
                <BranchPoint vc="0" uspid="386" ordinal="8" offset="87" sl="179" path="0" offsetend="89" fileid="97" />
                <BranchPoint vc="108" uspid="387" ordinal="9" offset="87" sl="179" path="1" offsetend="95" fileid="97" />
                <BranchPoint vc="30" uspid="388" ordinal="10" offset="151" sl="172" path="0" offsetend="156" fileid="97" />
                <BranchPoint vc="108" uspid="389" ordinal="11" offset="151" sl="172" path="1" offsetend="24" fileid="97" />
              </BranchPoints>
              <MethodPoint xsi:type="SequencePoint" vc="74" uspid="360" ordinal="0" offset="0" sl="169" sc="9" el="169" ec="10" bec="0" bev="0" fileid="97" />
            </Method>
            <Method visited="true" cyclomaticComplexity="1" nPathComplexity="0" sequenceCoverage="100" branchCoverage="100" crapScore="1" isConstructor="true" isStatic="true" isGetter="false" isSetter="false">
              <Summary numSequencePoints="4" visitedSequencePoints="4" numBranchPoints="1" visitedBranchPoints="1" sequenceCoverage="100" branchCoverage="100" maxCyclomaticComplexity="1" minCyclomaticComplexity="1" maxCrapScore="1" minCrapScore="1" visitedClasses="0" numClasses="0" visitedMethods="1" numMethods="1" />
              <MetadataToken>100663304</MetadataToken>
              <Name>System.Void Prova2.Infra.Db::.cctor()</Name>
              <FileRef uid="97" />
              <SequencePoints>
                <SequencePoint vc="2" uspid="390" ordinal="0" offset="0" sl="14" sc="9" el="14" ec="108" bec="0" bev="0" fileid="97" />
                <SequencePoint vc="2" uspid="391" ordinal="1" offset="20" sl="15" sc="9" el="15" ec="106" bec="0" bev="0" fileid="97" />
                <SequencePoint vc="2" uspid="392" ordinal="2" offset="35" sl="17" sc="9" el="17" ec="124" bec="0" bev="0" fileid="97" />
                <SequencePoint vc="2" uspid="393" ordinal="3" offset="55" sl="18" sc="9" el="18" ec="137" bec="0" bev="0" fileid="97" />
              </SequencePoints>
              <BranchPoints />
              <MethodPoint xsi:type="SequencePoint" vc="2" uspid="390" ordinal="0" offset="0" sl="14" sc="9" el="14" ec="108" bec="0" bev="0" fileid="97" />
            </Method>
          </Methods>
        </Class>
      </Classes>
    </Module>
  </Modules>
</CoverageSession>